{"level":30,"time":1697134235315,"pid":24964,"hostname":"DESKTOP-S5323E0","name":"app","headers":{"host":"localhost:3000","connection":"keep-alive","sec-ch-ua":"\"Google Chrome\";v=\"117\", \"Not;A=Brand\";v=\"8\", \"Chromium\";v=\"117\"","sec-ch-ua-mobile":"?0","sec-ch-ua-platform":"\"Windows\"","dnt":"1","upgrade-insecure-requests":"1","user-agent":"Mozilla/5.0 (Windows NT 10.0; Win64; x64) AppleWebKit/537.36 (KHTML, like Gecko) Chrome/117.0.0.0 Safari/537.36","accept":"text/html,application/xhtml+xml,application/xml;q=0.9,image/avif,image/webp,image/apng,*/*;q=0.8,application/signed-exchange;v=b3;q=0.7","sec-fetch-site":"none","sec-fetch-mode":"navigate","sec-fetch-user":"?1","sec-fetch-dest":"document","accept-encoding":"gzip, deflate, br","accept-language":"en-US,en;q=0.9","cookie":"_ga=GA1.1.817673429.1674009611","x-middleware-invoke":"","x-invoke-path":"/api/chapters","x-invoke-query":"%7B%7D","x-invoke-output":"/api/chapters"},"method":"GET","url":"/api/chapters","body":"","query":{},"msg":"[Chapters] Incoming API Request"}
{"level":30,"time":1697134240641,"pid":24964,"hostname":"DESKTOP-S5323E0","name":"app","msg":"Redis Client Error"}
{"level":30,"time":1697134245907,"pid":24964,"hostname":"DESKTOP-S5323E0","name":"app","msg":"Redis Client Error"}
{"level":30,"time":1697134250990,"pid":24964,"hostname":"DESKTOP-S5323E0","name":"app","msg":"Redis Client Error"}
{"level":30,"time":1697134256175,"pid":24964,"hostname":"DESKTOP-S5323E0","name":"app","msg":"Redis Client Error"}
{"level":30,"time":1697134261417,"pid":24964,"hostname":"DESKTOP-S5323E0","name":"app","msg":"Redis Client Error"}
{"level":30,"time":1697134266766,"pid":24964,"hostname":"DESKTOP-S5323E0","name":"app","msg":"Redis Client Error"}
{"level":30,"time":1697134272187,"pid":24964,"hostname":"DESKTOP-S5323E0","name":"app","msg":"Redis Client Error"}
{"level":30,"time":1697134277731,"pid":24964,"hostname":"DESKTOP-S5323E0","name":"app","msg":"Redis Client Error"}
{"level":30,"time":1697134285438,"pid":24964,"hostname":"DESKTOP-S5323E0","name":"app","msg":"Redis Client Error"}
{"level":30,"time":1697134291270,"pid":24964,"hostname":"DESKTOP-S5323E0","name":"app","msg":"Redis Client Error"}
{"level":30,"time":1697134296985,"pid":24964,"hostname":"DESKTOP-S5323E0","name":"app","msg":"Redis Client Error"}
{"level":30,"time":1697134302657,"pid":24964,"hostname":"DESKTOP-S5323E0","name":"app","msg":"Redis Client Error"}
{"level":30,"time":1697134308348,"pid":24964,"hostname":"DESKTOP-S5323E0","name":"app","msg":"Redis Client Error"}
{"level":30,"time":1697134314057,"pid":24964,"hostname":"DESKTOP-S5323E0","name":"app","msg":"Redis Client Error"}
{"level":30,"time":1697134319758,"pid":24964,"hostname":"DESKTOP-S5323E0","name":"app","msg":"Redis Client Error"}
{"level":30,"time":1697134325499,"pid":24964,"hostname":"DESKTOP-S5323E0","name":"app","msg":"Redis Client Error"}
{"level":30,"time":1697134333437,"pid":24964,"hostname":"DESKTOP-S5323E0","name":"app","msg":"Redis Client Error"}
{"level":30,"time":1697134339666,"pid":24964,"hostname":"DESKTOP-S5323E0","name":"app","msg":"Redis Client Error"}
{"level":30,"time":1697134345406,"pid":24964,"hostname":"DESKTOP-S5323E0","name":"app","msg":"Redis Client Error"}
{"level":30,"time":1697134351109,"pid":24964,"hostname":"DESKTOP-S5323E0","name":"app","msg":"Redis Client Error"}
{"level":30,"time":1697134356839,"pid":24964,"hostname":"DESKTOP-S5323E0","name":"app","msg":"Redis Client Error"}
{"level":30,"time":1697134362554,"pid":24964,"hostname":"DESKTOP-S5323E0","name":"app","msg":"Redis Client Error"}
{"level":30,"time":1697134368532,"pid":24964,"hostname":"DESKTOP-S5323E0","name":"app","msg":"Redis Client Error"}
{"level":30,"time":1697134374200,"pid":24964,"hostname":"DESKTOP-S5323E0","name":"app","msg":"Redis Client Error"}
{"level":30,"time":1697134379895,"pid":24964,"hostname":"DESKTOP-S5323E0","name":"app","msg":"Redis Client Error"}
{"level":30,"time":1697134385545,"pid":24964,"hostname":"DESKTOP-S5323E0","name":"app","msg":"Redis Client Error"}
{"level":30,"time":1697134391326,"pid":24964,"hostname":"DESKTOP-S5323E0","name":"app","msg":"Redis Client Error"}
{"level":30,"time":1697134398418,"pid":24964,"hostname":"DESKTOP-S5323E0","name":"app","msg":"Redis Client Error"}
{"level":30,"time":1697134403994,"pid":24964,"hostname":"DESKTOP-S5323E0","name":"app","msg":"Redis Client Error"}
{"level":30,"time":1697134409634,"pid":24964,"hostname":"DESKTOP-S5323E0","name":"app","msg":"Redis Client Error"}
{"level":30,"time":1697134415276,"pid":24964,"hostname":"DESKTOP-S5323E0","name":"app","msg":"Redis Client Error"}
{"level":30,"time":1697134421007,"pid":24964,"hostname":"DESKTOP-S5323E0","name":"app","msg":"Redis Client Error"}
{"level":30,"time":1697134426885,"pid":24964,"hostname":"DESKTOP-S5323E0","name":"app","msg":"Redis Client Error"}
{"level":30,"time":1697134432686,"pid":24964,"hostname":"DESKTOP-S5323E0","name":"app","msg":"Redis Client Error"}
{"level":30,"time":1697134438655,"pid":24964,"hostname":"DESKTOP-S5323E0","name":"app","msg":"Redis Client Error"}
{"level":30,"time":1697134446380,"pid":24964,"hostname":"DESKTOP-S5323E0","name":"app","msg":"Redis Client Error"}
{"level":30,"time":1697134452138,"pid":24964,"hostname":"DESKTOP-S5323E0","name":"app","msg":"Redis Client Error"}
{"level":30,"time":1697134457896,"pid":24964,"hostname":"DESKTOP-S5323E0","name":"app","msg":"Redis Client Error"}
{"level":30,"time":1697134463810,"pid":24964,"hostname":"DESKTOP-S5323E0","name":"app","msg":"Redis Client Error"}
{"level":30,"time":1697134469521,"pid":24964,"hostname":"DESKTOP-S5323E0","name":"app","msg":"Redis Client Error"}
{"level":30,"time":1697134475231,"pid":24964,"hostname":"DESKTOP-S5323E0","name":"app","msg":"Redis Client Error"}
{"level":30,"time":1697134481043,"pid":24964,"hostname":"DESKTOP-S5323E0","name":"app","msg":"Redis Client Error"}
{"level":30,"time":1697134486699,"pid":24964,"hostname":"DESKTOP-S5323E0","name":"app","msg":"Redis Client Error"}
{"level":30,"time":1697134492333,"pid":24964,"hostname":"DESKTOP-S5323E0","name":"app","msg":"Redis Client Error"}
{"level":30,"time":1697134546319,"pid":11584,"hostname":"DESKTOP-S5323E0","name":"app","headers":{"host":"localhost:3000","connection":"keep-alive","cache-control":"max-age=0","sec-ch-ua":"\"Google Chrome\";v=\"117\", \"Not;A=Brand\";v=\"8\", \"Chromium\";v=\"117\"","sec-ch-ua-mobile":"?0","sec-ch-ua-platform":"\"Windows\"","dnt":"1","upgrade-insecure-requests":"1","user-agent":"Mozilla/5.0 (Windows NT 10.0; Win64; x64) AppleWebKit/537.36 (KHTML, like Gecko) Chrome/117.0.0.0 Safari/537.36","accept":"text/html,application/xhtml+xml,application/xml;q=0.9,image/avif,image/webp,image/apng,*/*;q=0.8,application/signed-exchange;v=b3;q=0.7","sec-fetch-site":"none","sec-fetch-mode":"navigate","sec-fetch-user":"?1","sec-fetch-dest":"document","accept-encoding":"gzip, deflate, br","accept-language":"en-US,en;q=0.9","cookie":"_ga=GA1.1.817673429.1674009611","x-middleware-invoke":"","x-invoke-path":"/api/chapters","x-invoke-query":"%7B%7D","x-invoke-output":"/api/chapters"},"method":"GET","url":"/api/chapters","body":"","query":{},"msg":"[Chapters] Incoming API Request"}
{"level":30,"time":1697134551426,"pid":11584,"hostname":"DESKTOP-S5323E0","name":"app","msg":"Redis Client Error"}
{"level":30,"time":1697134556572,"pid":11584,"hostname":"DESKTOP-S5323E0","name":"app","msg":"Redis Client Error"}
{"level":30,"time":1697134561777,"pid":11584,"hostname":"DESKTOP-S5323E0","name":"app","msg":"Redis Client Error"}
{"level":30,"time":1697134567375,"pid":11584,"hostname":"DESKTOP-S5323E0","name":"app","msg":"Redis Client Error"}
{"level":30,"time":1697134572936,"pid":11584,"hostname":"DESKTOP-S5323E0","name":"app","msg":"Redis Client Error"}
{"level":30,"time":1697134578559,"pid":11584,"hostname":"DESKTOP-S5323E0","name":"app","msg":"Redis Client Error"}
{"level":30,"time":1697134583945,"pid":11584,"hostname":"DESKTOP-S5323E0","name":"app","msg":"Redis Client Error"}
{"level":30,"time":1697134589405,"pid":11584,"hostname":"DESKTOP-S5323E0","name":"app","msg":"Redis Client Error"}
{"level":30,"time":1697134594899,"pid":11584,"hostname":"DESKTOP-S5323E0","name":"app","msg":"Redis Client Error"}
{"level":30,"time":1697134600464,"pid":11584,"hostname":"DESKTOP-S5323E0","name":"app","msg":"Redis Client Error"}
{"level":30,"time":1697134606113,"pid":11584,"hostname":"DESKTOP-S5323E0","name":"app","msg":"Redis Client Error"}
{"level":30,"time":1697134611848,"pid":11584,"hostname":"DESKTOP-S5323E0","name":"app","msg":"Redis Client Error"}
{"level":30,"time":1697134617515,"pid":11584,"hostname":"DESKTOP-S5323E0","name":"app","msg":"Redis Client Error"}
{"level":30,"time":1697134623160,"pid":11584,"hostname":"DESKTOP-S5323E0","name":"app","msg":"Redis Client Error"}
{"level":30,"time":1697134628805,"pid":11584,"hostname":"DESKTOP-S5323E0","name":"app","msg":"Redis Client Error"}
{"level":30,"time":1697134634463,"pid":11584,"hostname":"DESKTOP-S5323E0","name":"app","msg":"Redis Client Error"}
{"level":30,"time":1697134640105,"pid":11584,"hostname":"DESKTOP-S5323E0","name":"app","msg":"Redis Client Error"}
{"level":30,"time":1697134645752,"pid":11584,"hostname":"DESKTOP-S5323E0","name":"app","msg":"Redis Client Error"}
{"level":30,"time":1697134651389,"pid":11584,"hostname":"DESKTOP-S5323E0","name":"app","msg":"Redis Client Error"}
{"level":30,"time":1697134657070,"pid":11584,"hostname":"DESKTOP-S5323E0","name":"app","msg":"Redis Client Error"}
{"level":30,"time":1697134662769,"pid":11584,"hostname":"DESKTOP-S5323E0","name":"app","msg":"Redis Client Error"}
{"level":30,"time":1697134668529,"pid":11584,"hostname":"DESKTOP-S5323E0","name":"app","msg":"Redis Client Error"}
{"level":30,"time":1697134674303,"pid":11584,"hostname":"DESKTOP-S5323E0","name":"app","msg":"Redis Client Error"}
{"level":30,"time":1697134680209,"pid":11584,"hostname":"DESKTOP-S5323E0","name":"app","msg":"Redis Client Error"}
{"level":30,"time":1697134685882,"pid":11584,"hostname":"DESKTOP-S5323E0","name":"app","msg":"Redis Client Error"}
{"level":30,"time":1697134691598,"pid":11584,"hostname":"DESKTOP-S5323E0","name":"app","msg":"Redis Client Error"}
{"level":30,"time":1697134697245,"pid":11584,"hostname":"DESKTOP-S5323E0","name":"app","msg":"Redis Client Error"}
{"level":30,"time":1697134703704,"pid":11584,"hostname":"DESKTOP-S5323E0","name":"app","msg":"Redis Client Error"}
{"level":30,"time":1697134709627,"pid":11584,"hostname":"DESKTOP-S5323E0","name":"app","msg":"Redis Client Error"}
{"level":30,"time":1697134711698,"pid":11584,"hostname":"DESKTOP-S5323E0","name":"app","headers":{"host":"localhost:3000","connection":"keep-alive","cache-control":"max-age=0","sec-ch-ua":"\"Google Chrome\";v=\"117\", \"Not;A=Brand\";v=\"8\", \"Chromium\";v=\"117\"","sec-ch-ua-mobile":"?0","sec-ch-ua-platform":"\"Windows\"","dnt":"1","upgrade-insecure-requests":"1","user-agent":"Mozilla/5.0 (Windows NT 10.0; Win64; x64) AppleWebKit/537.36 (KHTML, like Gecko) Chrome/117.0.0.0 Safari/537.36","accept":"text/html,application/xhtml+xml,application/xml;q=0.9,image/avif,image/webp,image/apng,*/*;q=0.8,application/signed-exchange;v=b3;q=0.7","sec-fetch-site":"none","sec-fetch-mode":"navigate","sec-fetch-user":"?1","sec-fetch-dest":"document","accept-encoding":"gzip, deflate, br","accept-language":"en-US,en;q=0.9","cookie":"_ga=GA1.1.817673429.1674009611","x-middleware-invoke":"","x-invoke-path":"/api/chapters","x-invoke-query":"%7B%7D","x-invoke-output":"/api/chapters"},"method":"GET","url":"/api/chapters","body":"","query":{},"msg":"[Chapters] Incoming API Request"}
{"level":30,"time":1697134715347,"pid":11584,"hostname":"DESKTOP-S5323E0","name":"app","msg":"Redis Client Error"}
{"level":30,"time":1697134716708,"pid":11584,"hostname":"DESKTOP-S5323E0","name":"app","msg":"Redis Client Error"}
{"level":30,"time":1697134721082,"pid":11584,"hostname":"DESKTOP-S5323E0","name":"app","msg":"Redis Client Error"}
{"level":30,"time":1697134721725,"pid":11584,"hostname":"DESKTOP-S5323E0","name":"app","msg":"Redis Client Error"}
{"level":30,"time":1697134726738,"pid":11584,"hostname":"DESKTOP-S5323E0","name":"app","msg":"Redis Client Error"}
{"level":30,"time":1697134726801,"pid":11584,"hostname":"DESKTOP-S5323E0","name":"app","msg":"Redis Client Error"}
{"level":30,"time":1697134732250,"pid":11584,"hostname":"DESKTOP-S5323E0","name":"app","msg":"Redis Client Error"}
{"level":30,"time":1697134732094,"pid":11584,"hostname":"DESKTOP-S5323E0","name":"app","msg":"Redis Client Error"}
{"level":30,"time":1697134737386,"pid":11584,"hostname":"DESKTOP-S5323E0","name":"app","msg":"Redis Client Error"}
{"level":30,"time":1697134737771,"pid":11584,"hostname":"DESKTOP-S5323E0","name":"app","msg":"Redis Client Error"}
{"level":30,"time":1697134742711,"pid":11584,"hostname":"DESKTOP-S5323E0","name":"app","msg":"Redis Client Error"}
{"level":30,"time":1697134743298,"pid":11584,"hostname":"DESKTOP-S5323E0","name":"app","msg":"Redis Client Error"}
{"level":30,"time":1697134748124,"pid":11584,"hostname":"DESKTOP-S5323E0","name":"app","msg":"Redis Client Error"}
{"level":30,"time":1697134748852,"pid":11584,"hostname":"DESKTOP-S5323E0","name":"app","msg":"Redis Client Error"}
{"level":30,"time":1697134753699,"pid":11584,"hostname":"DESKTOP-S5323E0","name":"app","msg":"Redis Client Error"}
{"level":30,"time":1697134754395,"pid":11584,"hostname":"DESKTOP-S5323E0","name":"app","msg":"Redis Client Error"}
{"level":30,"time":1697134759192,"pid":11584,"hostname":"DESKTOP-S5323E0","name":"app","msg":"Redis Client Error"}
{"level":30,"time":1697134759909,"pid":11584,"hostname":"DESKTOP-S5323E0","name":"app","msg":"Redis Client Error"}
{"level":30,"time":1697134764756,"pid":11584,"hostname":"DESKTOP-S5323E0","name":"app","msg":"Redis Client Error"}
{"level":30,"time":1697134765431,"pid":11584,"hostname":"DESKTOP-S5323E0","name":"app","msg":"Redis Client Error"}
{"level":30,"time":1697134770386,"pid":11584,"hostname":"DESKTOP-S5323E0","name":"app","msg":"Redis Client Error"}
{"level":30,"time":1697134770958,"pid":11584,"hostname":"DESKTOP-S5323E0","name":"app","msg":"Redis Client Error"}
{"level":30,"time":1697134776023,"pid":11584,"hostname":"DESKTOP-S5323E0","name":"app","msg":"Redis Client Error"}
{"level":30,"time":1697134776532,"pid":11584,"hostname":"DESKTOP-S5323E0","name":"app","msg":"Redis Client Error"}
{"level":30,"time":1697134781667,"pid":11584,"hostname":"DESKTOP-S5323E0","name":"app","msg":"Redis Client Error"}
{"level":30,"time":1697134782075,"pid":11584,"hostname":"DESKTOP-S5323E0","name":"app","msg":"Redis Client Error"}
{"level":30,"time":1697134787588,"pid":11584,"hostname":"DESKTOP-S5323E0","name":"app","msg":"Redis Client Error"}
{"level":30,"time":1697134787556,"pid":11584,"hostname":"DESKTOP-S5323E0","name":"app","msg":"Redis Client Error"}
{"level":30,"time":1697134793255,"pid":11584,"hostname":"DESKTOP-S5323E0","name":"app","msg":"Redis Client Error"}
{"level":30,"time":1697134793271,"pid":11584,"hostname":"DESKTOP-S5323E0","name":"app","msg":"Redis Client Error"}
{"level":30,"time":1697134799150,"pid":11584,"hostname":"DESKTOP-S5323E0","name":"app","msg":"Redis Client Error"}
{"level":30,"time":1697134799149,"pid":11584,"hostname":"DESKTOP-S5323E0","name":"app","msg":"Redis Client Error"}
{"level":30,"time":1697134805096,"pid":11584,"hostname":"DESKTOP-S5323E0","name":"app","msg":"Redis Client Error"}
{"level":30,"time":1697134805096,"pid":11584,"hostname":"DESKTOP-S5323E0","name":"app","msg":"Redis Client Error"}
{"level":30,"time":1697134810973,"pid":11584,"hostname":"DESKTOP-S5323E0","name":"app","msg":"Redis Client Error"}
{"level":30,"time":1697134810973,"pid":11584,"hostname":"DESKTOP-S5323E0","name":"app","msg":"Redis Client Error"}
{"level":30,"time":1697134816653,"pid":11584,"hostname":"DESKTOP-S5323E0","name":"app","msg":"Redis Client Error"}
{"level":30,"time":1697134816654,"pid":11584,"hostname":"DESKTOP-S5323E0","name":"app","msg":"Redis Client Error"}
{"level":30,"time":1697134822622,"pid":11584,"hostname":"DESKTOP-S5323E0","name":"app","msg":"Redis Client Error"}
{"level":30,"time":1697134822622,"pid":11584,"hostname":"DESKTOP-S5323E0","name":"app","msg":"Redis Client Error"}
{"level":30,"time":1697134828277,"pid":11584,"hostname":"DESKTOP-S5323E0","name":"app","msg":"Redis Client Error"}
{"level":30,"time":1697134828277,"pid":11584,"hostname":"DESKTOP-S5323E0","name":"app","msg":"Redis Client Error"}
{"level":30,"time":1697134833971,"pid":11584,"hostname":"DESKTOP-S5323E0","name":"app","msg":"Redis Client Error"}
{"level":30,"time":1697134833970,"pid":11584,"hostname":"DESKTOP-S5323E0","name":"app","msg":"Redis Client Error"}
{"level":30,"time":1697134839872,"pid":11584,"hostname":"DESKTOP-S5323E0","name":"app","msg":"Redis Client Error"}
{"level":30,"time":1697134839874,"pid":11584,"hostname":"DESKTOP-S5323E0","name":"app","msg":"Redis Client Error"}
{"level":30,"time":1697134845539,"pid":11584,"hostname":"DESKTOP-S5323E0","name":"app","msg":"Redis Client Error"}
{"level":30,"time":1697134845539,"pid":11584,"hostname":"DESKTOP-S5323E0","name":"app","msg":"Redis Client Error"}
{"level":30,"time":1697134851179,"pid":11584,"hostname":"DESKTOP-S5323E0","name":"app","msg":"Redis Client Error"}
{"level":30,"time":1697134851179,"pid":11584,"hostname":"DESKTOP-S5323E0","name":"app","msg":"Redis Client Error"}
{"level":30,"time":1697134856822,"pid":11584,"hostname":"DESKTOP-S5323E0","name":"app","msg":"Redis Client Error"}
{"level":30,"time":1697134856822,"pid":11584,"hostname":"DESKTOP-S5323E0","name":"app","msg":"Redis Client Error"}
{"level":30,"time":1697134862502,"pid":11584,"hostname":"DESKTOP-S5323E0","name":"app","msg":"Redis Client Error"}
{"level":30,"time":1697134862502,"pid":11584,"hostname":"DESKTOP-S5323E0","name":"app","msg":"Redis Client Error"}
{"level":30,"time":1697134868239,"pid":11584,"hostname":"DESKTOP-S5323E0","name":"app","msg":"Redis Client Error"}
{"level":30,"time":1697134868239,"pid":11584,"hostname":"DESKTOP-S5323E0","name":"app","msg":"Redis Client Error"}
{"level":30,"time":1697134871677,"pid":11584,"hostname":"DESKTOP-S5323E0","name":"app","headers":{"host":"localhost:3000","connection":"keep-alive","cache-control":"max-age=0","sec-ch-ua":"\"Google Chrome\";v=\"117\", \"Not;A=Brand\";v=\"8\", \"Chromium\";v=\"117\"","sec-ch-ua-mobile":"?0","sec-ch-ua-platform":"\"Windows\"","dnt":"1","upgrade-insecure-requests":"1","user-agent":"Mozilla/5.0 (Windows NT 10.0; Win64; x64) AppleWebKit/537.36 (KHTML, like Gecko) Chrome/117.0.0.0 Safari/537.36","accept":"text/html,application/xhtml+xml,application/xml;q=0.9,image/avif,image/webp,image/apng,*/*;q=0.8,application/signed-exchange;v=b3;q=0.7","sec-fetch-site":"none","sec-fetch-mode":"navigate","sec-fetch-user":"?1","sec-fetch-dest":"document","accept-encoding":"gzip, deflate, br","accept-language":"en-US,en;q=0.9","cookie":"_ga=GA1.1.817673429.1674009611","x-middleware-invoke":"","x-invoke-path":"/api/chapters","x-invoke-query":"%7B%7D","x-invoke-output":"/api/chapters"},"method":"GET","url":"/api/chapters","body":"","query":{},"msg":"[Chapters] Incoming API Request"}
{"level":30,"time":1697134873976,"pid":11584,"hostname":"DESKTOP-S5323E0","name":"app","msg":"Redis Client Error"}
{"level":30,"time":1697134873975,"pid":11584,"hostname":"DESKTOP-S5323E0","name":"app","msg":"Redis Client Error"}
{"level":50,"time":1697134877392,"pid":11584,"hostname":"DESKTOP-S5323E0","name":"app","err":{"type":"ConnectionTimeoutError","message":"Connection timeout","stack":"Error: Connection timeout\n    at Socket.<anonymous> (C:\\Users\\user\\Desktop\\Web Development\\quran-reading-web\\node_modules\\@redis\\client\\dist\\lib\\client\\socket.js:177:124)\n    at Object.onceWrapper (node:events:627:28)\n    at Socket.emit (node:events:513:28)\n    at Socket._onTimeout (node:net:550:8)\n    at listOnTimeout (node:internal/timers:559:17)\n    at processTimers (node:internal/timers:502:7)"},"msg":"Redis Client Error"}
{"level":30,"time":1697134879607,"pid":11584,"hostname":"DESKTOP-S5323E0","name":"app","msg":"Redis Client Error"}
{"level":30,"time":1697134879607,"pid":11584,"hostname":"DESKTOP-S5323E0","name":"app","msg":"Redis Client Error"}
{"level":50,"time":1697134882469,"pid":11584,"hostname":"DESKTOP-S5323E0","name":"app","err":{"type":"ConnectionTimeoutError","message":"Connection timeout","stack":"Error: Connection timeout\n    at Socket.<anonymous> (C:\\Users\\user\\Desktop\\Web Development\\quran-reading-web\\node_modules\\@redis\\client\\dist\\lib\\client\\socket.js:177:124)\n    at Object.onceWrapper (node:events:627:28)\n    at Socket.emit (node:events:513:28)\n    at Socket._onTimeout (node:net:550:8)\n    at listOnTimeout (node:internal/timers:559:17)\n    at processTimers (node:internal/timers:502:7)"},"msg":"Redis Client Error"}
{"level":30,"time":1697134885296,"pid":11584,"hostname":"DESKTOP-S5323E0","name":"app","msg":"Redis Client Error"}
{"level":30,"time":1697134885296,"pid":11584,"hostname":"DESKTOP-S5323E0","name":"app","msg":"Redis Client Error"}
{"level":50,"time":1697134887801,"pid":11584,"hostname":"DESKTOP-S5323E0","name":"app","err":{"type":"ConnectionTimeoutError","message":"Connection timeout","stack":"Error: Connection timeout\n    at Socket.<anonymous> (C:\\Users\\user\\Desktop\\Web Development\\quran-reading-web\\node_modules\\@redis\\client\\dist\\lib\\client\\socket.js:177:124)\n    at Object.onceWrapper (node:events:627:28)\n    at Socket.emit (node:events:513:28)\n    at Socket._onTimeout (node:net:550:8)\n    at listOnTimeout (node:internal/timers:559:17)\n    at processTimers (node:internal/timers:502:7)"},"msg":"Redis Client Error"}
{"level":30,"time":1697134891294,"pid":11584,"hostname":"DESKTOP-S5323E0","name":"app","msg":"Redis Client Error"}
{"level":30,"time":1697134891285,"pid":11584,"hostname":"DESKTOP-S5323E0","name":"app","msg":"Redis Client Error"}
{"level":50,"time":1697134892914,"pid":11584,"hostname":"DESKTOP-S5323E0","name":"app","err":{"type":"ConnectionTimeoutError","message":"Connection timeout","stack":"Error: Connection timeout\n    at Socket.<anonymous> (C:\\Users\\user\\Desktop\\Web Development\\quran-reading-web\\node_modules\\@redis\\client\\dist\\lib\\client\\socket.js:177:124)\n    at Object.onceWrapper (node:events:627:28)\n    at Socket.emit (node:events:513:28)\n    at Socket._onTimeout (node:net:550:8)\n    at listOnTimeout (node:internal/timers:559:17)\n    at processTimers (node:internal/timers:502:7)"},"msg":"Redis Client Error"}
{"level":30,"time":1697134896929,"pid":11584,"hostname":"DESKTOP-S5323E0","name":"app","msg":"Redis Client Error"}
{"level":30,"time":1697134896929,"pid":11584,"hostname":"DESKTOP-S5323E0","name":"app","msg":"Redis Client Error"}
{"level":50,"time":1697134898081,"pid":11584,"hostname":"DESKTOP-S5323E0","name":"app","err":{"type":"ConnectionTimeoutError","message":"Connection timeout","stack":"Error: Connection timeout\n    at Socket.<anonymous> (C:\\Users\\user\\Desktop\\Web Development\\quran-reading-web\\node_modules\\@redis\\client\\dist\\lib\\client\\socket.js:177:124)\n    at Object.onceWrapper (node:events:627:28)\n    at Socket.emit (node:events:513:28)\n    at Socket._onTimeout (node:net:550:8)\n    at listOnTimeout (node:internal/timers:559:17)\n    at processTimers (node:internal/timers:502:7)"},"msg":"Redis Client Error"}
{"level":30,"time":1697134902572,"pid":11584,"hostname":"DESKTOP-S5323E0","name":"app","msg":"Redis Client Error"}
{"level":30,"time":1697134902568,"pid":11584,"hostname":"DESKTOP-S5323E0","name":"app","msg":"Redis Client Error"}
{"level":50,"time":1697134903300,"pid":11584,"hostname":"DESKTOP-S5323E0","name":"app","err":{"type":"ConnectionTimeoutError","message":"Connection timeout","stack":"Error: Connection timeout\n    at Socket.<anonymous> (C:\\Users\\user\\Desktop\\Web Development\\quran-reading-web\\node_modules\\@redis\\client\\dist\\lib\\client\\socket.js:177:124)\n    at Object.onceWrapper (node:events:627:28)\n    at Socket.emit (node:events:513:28)\n    at Socket._onTimeout (node:net:550:8)\n    at listOnTimeout (node:internal/timers:559:17)\n    at processTimers (node:internal/timers:502:7)"},"msg":"Redis Client Error"}
{"level":30,"time":1697134908197,"pid":11584,"hostname":"DESKTOP-S5323E0","name":"app","msg":"Redis Client Error"}
{"level":30,"time":1697134908197,"pid":11584,"hostname":"DESKTOP-S5323E0","name":"app","msg":"Redis Client Error"}
{"level":50,"time":1697134908557,"pid":11584,"hostname":"DESKTOP-S5323E0","name":"app","err":{"type":"ConnectionTimeoutError","message":"Connection timeout","stack":"Error: Connection timeout\n    at Socket.<anonymous> (C:\\Users\\user\\Desktop\\Web Development\\quran-reading-web\\node_modules\\@redis\\client\\dist\\lib\\client\\socket.js:177:124)\n    at Object.onceWrapper (node:events:627:28)\n    at Socket.emit (node:events:513:28)\n    at Socket._onTimeout (node:net:550:8)\n    at listOnTimeout (node:internal/timers:559:17)\n    at processTimers (node:internal/timers:502:7)"},"msg":"Redis Client Error"}
{"level":30,"time":1697134914071,"pid":11584,"hostname":"DESKTOP-S5323E0","name":"app","msg":"Redis Client Error"}
{"level":30,"time":1697134914072,"pid":11584,"hostname":"DESKTOP-S5323E0","name":"app","msg":"Redis Client Error"}
{"level":50,"time":1697134914075,"pid":11584,"hostname":"DESKTOP-S5323E0","name":"app","err":{"type":"ConnectionTimeoutError","message":"Connection timeout","stack":"Error: Connection timeout\n    at Socket.<anonymous> (C:\\Users\\user\\Desktop\\Web Development\\quran-reading-web\\node_modules\\@redis\\client\\dist\\lib\\client\\socket.js:177:124)\n    at Object.onceWrapper (node:events:627:28)\n    at Socket.emit (node:events:513:28)\n    at Socket._onTimeout (node:net:550:8)\n    at listOnTimeout (node:internal/timers:559:17)\n    at processTimers (node:internal/timers:502:7)"},"msg":"Redis Client Error"}
{"level":30,"time":1697134919597,"pid":11584,"hostname":"DESKTOP-S5323E0","name":"app","msg":"Redis Client Error"}
{"level":30,"time":1697134919597,"pid":11584,"hostname":"DESKTOP-S5323E0","name":"app","msg":"Redis Client Error"}
{"level":50,"time":1697134919571,"pid":11584,"hostname":"DESKTOP-S5323E0","name":"app","err":{"type":"ConnectionTimeoutError","message":"Connection timeout","stack":"Error: Connection timeout\n    at Socket.<anonymous> (C:\\Users\\user\\Desktop\\Web Development\\quran-reading-web\\node_modules\\@redis\\client\\dist\\lib\\client\\socket.js:177:124)\n    at Object.onceWrapper (node:events:627:28)\n    at Socket.emit (node:events:513:28)\n    at Socket._onTimeout (node:net:550:8)\n    at listOnTimeout (node:internal/timers:559:17)\n    at processTimers (node:internal/timers:502:7)"},"msg":"Redis Client Error"}
{"level":30,"time":1697134925422,"pid":11584,"hostname":"DESKTOP-S5323E0","name":"app","msg":"Redis Client Error"}
{"level":30,"time":1697134925163,"pid":11584,"hostname":"DESKTOP-S5323E0","name":"app","msg":"Redis Client Error"}
{"level":50,"time":1697134925419,"pid":11584,"hostname":"DESKTOP-S5323E0","name":"app","err":{"type":"ConnectionTimeoutError","message":"Connection timeout","stack":"Error: Connection timeout\n    at Socket.<anonymous> (C:\\Users\\user\\Desktop\\Web Development\\quran-reading-web\\node_modules\\@redis\\client\\dist\\lib\\client\\socket.js:177:124)\n    at Object.onceWrapper (node:events:627:28)\n    at Socket.emit (node:events:513:28)\n    at Socket._onTimeout (node:net:550:8)\n    at listOnTimeout (node:internal/timers:559:17)\n    at processTimers (node:internal/timers:502:7)"},"msg":"Redis Client Error"}
{"level":30,"time":1697134930826,"pid":11584,"hostname":"DESKTOP-S5323E0","name":"app","msg":"Redis Client Error"}
{"level":30,"time":1697134931064,"pid":11584,"hostname":"DESKTOP-S5323E0","name":"app","msg":"Redis Client Error"}
{"level":50,"time":1697134931062,"pid":11584,"hostname":"DESKTOP-S5323E0","name":"app","err":{"type":"ConnectionTimeoutError","message":"Connection timeout","stack":"Error: Connection timeout\n    at Socket.<anonymous> (C:\\Users\\user\\Desktop\\Web Development\\quran-reading-web\\node_modules\\@redis\\client\\dist\\lib\\client\\socket.js:177:124)\n    at Object.onceWrapper (node:events:627:28)\n    at Socket.emit (node:events:513:28)\n    at Socket._onTimeout (node:net:550:8)\n    at listOnTimeout (node:internal/timers:559:17)\n    at processTimers (node:internal/timers:502:7)"},"msg":"Redis Client Error"}
{"level":30,"time":1697134936642,"pid":11584,"hostname":"DESKTOP-S5323E0","name":"app","msg":"Redis Client Error"}
{"level":50,"time":1697134936642,"pid":11584,"hostname":"DESKTOP-S5323E0","name":"app","err":{"type":"ConnectionTimeoutError","message":"Connection timeout","stack":"Error: Connection timeout\n    at Socket.<anonymous> (C:\\Users\\user\\Desktop\\Web Development\\quran-reading-web\\node_modules\\@redis\\client\\dist\\lib\\client\\socket.js:177:124)\n    at Object.onceWrapper (node:events:627:28)\n    at Socket.emit (node:events:513:28)\n    at Socket._onTimeout (node:net:550:8)\n    at listOnTimeout (node:internal/timers:559:17)\n    at processTimers (node:internal/timers:502:7)"},"msg":"Redis Client Error"}
{"level":30,"time":1697134936617,"pid":11584,"hostname":"DESKTOP-S5323E0","name":"app","msg":"Redis Client Error"}
{"level":30,"time":1697134942334,"pid":11584,"hostname":"DESKTOP-S5323E0","name":"app","msg":"Redis Client Error"}
{"level":50,"time":1697134942333,"pid":11584,"hostname":"DESKTOP-S5323E0","name":"app","err":{"type":"ConnectionTimeoutError","message":"Connection timeout","stack":"Error: Connection timeout\n    at Socket.<anonymous> (C:\\Users\\user\\Desktop\\Web Development\\quran-reading-web\\node_modules\\@redis\\client\\dist\\lib\\client\\socket.js:177:124)\n    at Object.onceWrapper (node:events:627:28)\n    at Socket.emit (node:events:513:28)\n    at Socket._onTimeout (node:net:550:8)\n    at listOnTimeout (node:internal/timers:559:17)\n    at processTimers (node:internal/timers:502:7)"},"msg":"Redis Client Error"}
{"level":30,"time":1697134942331,"pid":11584,"hostname":"DESKTOP-S5323E0","name":"app","msg":"Redis Client Error"}
{"level":30,"time":1697134948148,"pid":11584,"hostname":"DESKTOP-S5323E0","name":"app","msg":"Redis Client Error"}
{"level":50,"time":1697134948148,"pid":11584,"hostname":"DESKTOP-S5323E0","name":"app","err":{"type":"ConnectionTimeoutError","message":"Connection timeout","stack":"Error: Connection timeout\n    at Socket.<anonymous> (C:\\Users\\user\\Desktop\\Web Development\\quran-reading-web\\node_modules\\@redis\\client\\dist\\lib\\client\\socket.js:177:124)\n    at Object.onceWrapper (node:events:627:28)\n    at Socket.emit (node:events:513:28)\n    at Socket._onTimeout (node:net:550:8)\n    at listOnTimeout (node:internal/timers:559:17)\n    at processTimers (node:internal/timers:502:7)"},"msg":"Redis Client Error"}
{"level":30,"time":1697134948146,"pid":11584,"hostname":"DESKTOP-S5323E0","name":"app","msg":"Redis Client Error"}
{"level":30,"time":1697134978942,"pid":21364,"hostname":"DESKTOP-S5323E0","name":"app","headers":{"host":"localhost:3000","connection":"keep-alive","cache-control":"max-age=0","sec-ch-ua":"\"Google Chrome\";v=\"117\", \"Not;A=Brand\";v=\"8\", \"Chromium\";v=\"117\"","sec-ch-ua-mobile":"?0","sec-ch-ua-platform":"\"Windows\"","dnt":"1","upgrade-insecure-requests":"1","user-agent":"Mozilla/5.0 (Windows NT 10.0; Win64; x64) AppleWebKit/537.36 (KHTML, like Gecko) Chrome/117.0.0.0 Safari/537.36","accept":"text/html,application/xhtml+xml,application/xml;q=0.9,image/avif,image/webp,image/apng,*/*;q=0.8,application/signed-exchange;v=b3;q=0.7","sec-fetch-site":"none","sec-fetch-mode":"navigate","sec-fetch-user":"?1","sec-fetch-dest":"document","accept-encoding":"gzip, deflate, br","accept-language":"en-US,en;q=0.9","cookie":"_ga=GA1.1.817673429.1674009611","x-middleware-invoke":"","x-invoke-path":"/api/chapters","x-invoke-query":"%7B%7D","x-invoke-output":"/api/chapters"},"method":"GET","url":"/api/chapters","body":"","query":{},"msg":"[Chapters] Incoming API Request"}
{"level":50,"time":1697134984144,"pid":21364,"hostname":"DESKTOP-S5323E0","name":"app","err":{"type":"ConnectionTimeoutError","message":"Connection timeout","stack":"Error: Connection timeout\n    at Socket.<anonymous> (C:\\Users\\user\\Desktop\\Web Development\\quran-reading-web\\node_modules\\@redis\\client\\dist\\lib\\client\\socket.js:177:124)\n    at Object.onceWrapper (node:events:627:28)\n    at Socket.emit (node:events:513:28)\n    at Socket._onTimeout (node:net:550:8)\n    at listOnTimeout (node:internal/timers:559:17)\n    at processTimers (node:internal/timers:502:7)"},"msg":"Redis Client Error"}
{"level":50,"time":1697134990632,"pid":21364,"hostname":"DESKTOP-S5323E0","name":"app","err":{"type":"ConnectionTimeoutError","message":"Connection timeout","stack":"Error: Connection timeout\n    at Socket.<anonymous> (C:\\Users\\user\\Desktop\\Web Development\\quran-reading-web\\node_modules\\@redis\\client\\dist\\lib\\client\\socket.js:177:124)\n    at Object.onceWrapper (node:events:627:28)\n    at Socket.emit (node:events:513:28)\n    at Socket._onTimeout (node:net:550:8)\n    at listOnTimeout (node:internal/timers:559:17)\n    at processTimers (node:internal/timers:502:7)"},"msg":"Redis Client Error"}
{"level":50,"time":1697134996068,"pid":21364,"hostname":"DESKTOP-S5323E0","name":"app","err":{"type":"ConnectionTimeoutError","message":"Connection timeout","stack":"Error: Connection timeout\n    at Socket.<anonymous> (C:\\Users\\user\\Desktop\\Web Development\\quran-reading-web\\node_modules\\@redis\\client\\dist\\lib\\client\\socket.js:177:124)\n    at Object.onceWrapper (node:events:627:28)\n    at Socket.emit (node:events:513:28)\n    at Socket._onTimeout (node:net:550:8)\n    at listOnTimeout (node:internal/timers:559:17)\n    at processTimers (node:internal/timers:502:7)"},"msg":"Redis Client Error"}
{"level":50,"time":1697135002226,"pid":21364,"hostname":"DESKTOP-S5323E0","name":"app","err":{"type":"ConnectionTimeoutError","message":"Connection timeout","stack":"Error: Connection timeout\n    at Socket.<anonymous> (C:\\Users\\user\\Desktop\\Web Development\\quran-reading-web\\node_modules\\@redis\\client\\dist\\lib\\client\\socket.js:177:124)\n    at Object.onceWrapper (node:events:627:28)\n    at Socket.emit (node:events:513:28)\n    at Socket._onTimeout (node:net:550:8)\n    at listOnTimeout (node:internal/timers:559:17)\n    at processTimers (node:internal/timers:502:7)"},"msg":"Redis Client Error"}
{"level":50,"time":1697135007755,"pid":21364,"hostname":"DESKTOP-S5323E0","name":"app","err":{"type":"ConnectionTimeoutError","message":"Connection timeout","stack":"Error: Connection timeout\n    at Socket.<anonymous> (C:\\Users\\user\\Desktop\\Web Development\\quran-reading-web\\node_modules\\@redis\\client\\dist\\lib\\client\\socket.js:177:124)\n    at Object.onceWrapper (node:events:627:28)\n    at Socket.emit (node:events:513:28)\n    at Socket._onTimeout (node:net:550:8)\n    at listOnTimeout (node:internal/timers:559:17)\n    at processTimers (node:internal/timers:502:7)"},"msg":"Redis Client Error"}
{"level":50,"time":1697135013174,"pid":21364,"hostname":"DESKTOP-S5323E0","name":"app","err":{"type":"ConnectionTimeoutError","message":"Connection timeout","stack":"Error: Connection timeout\n    at Socket.<anonymous> (C:\\Users\\user\\Desktop\\Web Development\\quran-reading-web\\node_modules\\@redis\\client\\dist\\lib\\client\\socket.js:177:124)\n    at Object.onceWrapper (node:events:627:28)\n    at Socket.emit (node:events:513:28)\n    at Socket._onTimeout (node:net:550:8)\n    at listOnTimeout (node:internal/timers:559:17)\n    at processTimers (node:internal/timers:502:7)"},"msg":"Redis Client Error"}
{"level":50,"time":1697135018560,"pid":21364,"hostname":"DESKTOP-S5323E0","name":"app","err":{"type":"ConnectionTimeoutError","message":"Connection timeout","stack":"Error: Connection timeout\n    at Socket.<anonymous> (C:\\Users\\user\\Desktop\\Web Development\\quran-reading-web\\node_modules\\@redis\\client\\dist\\lib\\client\\socket.js:177:124)\n    at Object.onceWrapper (node:events:627:28)\n    at Socket.emit (node:events:513:28)\n    at Socket._onTimeout (node:net:550:8)\n    at listOnTimeout (node:internal/timers:559:17)\n    at processTimers (node:internal/timers:502:7)"},"msg":"Redis Client Error"}
{"level":50,"time":1697135024043,"pid":21364,"hostname":"DESKTOP-S5323E0","name":"app","err":{"type":"ConnectionTimeoutError","message":"Connection timeout","stack":"Error: Connection timeout\n    at Socket.<anonymous> (C:\\Users\\user\\Desktop\\Web Development\\quran-reading-web\\node_modules\\@redis\\client\\dist\\lib\\client\\socket.js:177:124)\n    at Object.onceWrapper (node:events:627:28)\n    at Socket.emit (node:events:513:28)\n    at Socket._onTimeout (node:net:550:8)\n    at listOnTimeout (node:internal/timers:559:17)\n    at processTimers (node:internal/timers:502:7)"},"msg":"Redis Client Error"}
{"level":50,"time":1697135029675,"pid":21364,"hostname":"DESKTOP-S5323E0","name":"app","err":{"type":"ConnectionTimeoutError","message":"Connection timeout","stack":"Error: Connection timeout\n    at Socket.<anonymous> (C:\\Users\\user\\Desktop\\Web Development\\quran-reading-web\\node_modules\\@redis\\client\\dist\\lib\\client\\socket.js:177:124)\n    at Object.onceWrapper (node:events:627:28)\n    at Socket.emit (node:events:513:28)\n    at Socket._onTimeout (node:net:550:8)\n    at listOnTimeout (node:internal/timers:559:17)\n    at processTimers (node:internal/timers:502:7)"},"msg":"Redis Client Error"}
{"level":50,"time":1697135035237,"pid":21364,"hostname":"DESKTOP-S5323E0","name":"app","err":{"type":"ConnectionTimeoutError","message":"Connection timeout","stack":"Error: Connection timeout\n    at Socket.<anonymous> (C:\\Users\\user\\Desktop\\Web Development\\quran-reading-web\\node_modules\\@redis\\client\\dist\\lib\\client\\socket.js:177:124)\n    at Object.onceWrapper (node:events:627:28)\n    at Socket.emit (node:events:513:28)\n    at Socket._onTimeout (node:net:550:8)\n    at listOnTimeout (node:internal/timers:559:17)\n    at processTimers (node:internal/timers:502:7)"},"msg":"Redis Client Error"}
{"level":30,"time":1697135290000,"pid":12360,"hostname":"DESKTOP-S5323E0","name":"app","headers":{"host":"localhost:3000","connection":"keep-alive","cache-control":"max-age=0","sec-ch-ua":"\"Google Chrome\";v=\"117\", \"Not;A=Brand\";v=\"8\", \"Chromium\";v=\"117\"","sec-ch-ua-mobile":"?0","sec-ch-ua-platform":"\"Windows\"","dnt":"1","upgrade-insecure-requests":"1","user-agent":"Mozilla/5.0 (Windows NT 10.0; Win64; x64) AppleWebKit/537.36 (KHTML, like Gecko) Chrome/117.0.0.0 Safari/537.36","accept":"text/html,application/xhtml+xml,application/xml;q=0.9,image/avif,image/webp,image/apng,*/*;q=0.8,application/signed-exchange;v=b3;q=0.7","sec-fetch-site":"none","sec-fetch-mode":"navigate","sec-fetch-user":"?1","sec-fetch-dest":"document","accept-encoding":"gzip, deflate, br","accept-language":"en-US,en;q=0.9","cookie":"_ga=GA1.1.817673429.1674009611","x-middleware-invoke":"","x-invoke-path":"/api/chapters","x-invoke-query":"%7B%7D","x-invoke-output":"/api/chapters"},"method":"GET","url":"/api/chapters","body":"","query":{},"msg":"[Chapters] Incoming API Request"}
{"level":50,"time":1697135295211,"pid":12360,"hostname":"DESKTOP-S5323E0","name":"app","err":{"type":"ConnectionTimeoutError","message":"Connection timeout","stack":"Error: Connection timeout\n    at Socket.<anonymous> (C:\\Users\\user\\Desktop\\Web Development\\quran-reading-web\\node_modules\\@redis\\client\\dist\\lib\\client\\socket.js:177:124)\n    at Object.onceWrapper (node:events:627:28)\n    at Socket.emit (node:events:513:28)\n    at Socket._onTimeout (node:net:550:8)\n    at listOnTimeout (node:internal/timers:559:17)\n    at processTimers (node:internal/timers:502:7)"},"msg":"Redis Client Error"}
{"level":50,"time":1697135300367,"pid":12360,"hostname":"DESKTOP-S5323E0","name":"app","err":{"type":"ConnectionTimeoutError","message":"Connection timeout","stack":"Error: Connection timeout\n    at Socket.<anonymous> (C:\\Users\\user\\Desktop\\Web Development\\quran-reading-web\\node_modules\\@redis\\client\\dist\\lib\\client\\socket.js:177:124)\n    at Object.onceWrapper (node:events:627:28)\n    at Socket.emit (node:events:513:28)\n    at Socket._onTimeout (node:net:550:8)\n    at listOnTimeout (node:internal/timers:559:17)\n    at processTimers (node:internal/timers:502:7)"},"msg":"Redis Client Error"}
{"level":50,"time":1697135305599,"pid":12360,"hostname":"DESKTOP-S5323E0","name":"app","err":{"type":"ConnectionTimeoutError","message":"Connection timeout","stack":"Error: Connection timeout\n    at Socket.<anonymous> (C:\\Users\\user\\Desktop\\Web Development\\quran-reading-web\\node_modules\\@redis\\client\\dist\\lib\\client\\socket.js:177:124)\n    at Object.onceWrapper (node:events:627:28)\n    at Socket.emit (node:events:513:28)\n    at Socket._onTimeout (node:net:550:8)\n    at listOnTimeout (node:internal/timers:559:17)\n    at processTimers (node:internal/timers:502:7)"},"msg":"Redis Client Error"}
{"level":50,"time":1697135311093,"pid":12360,"hostname":"DESKTOP-S5323E0","name":"app","err":{"type":"ConnectionTimeoutError","message":"Connection timeout","stack":"Error: Connection timeout\n    at Socket.<anonymous> (C:\\Users\\user\\Desktop\\Web Development\\quran-reading-web\\node_modules\\@redis\\client\\dist\\lib\\client\\socket.js:177:124)\n    at Object.onceWrapper (node:events:627:28)\n    at Socket.emit (node:events:513:28)\n    at Socket._onTimeout (node:net:550:8)\n    at listOnTimeout (node:internal/timers:559:17)\n    at processTimers (node:internal/timers:502:7)"},"msg":"Redis Client Error"}
{"level":50,"time":1697135317343,"pid":12360,"hostname":"DESKTOP-S5323E0","name":"app","err":{"type":"ConnectionTimeoutError","message":"Connection timeout","stack":"Error: Connection timeout\n    at Socket.<anonymous> (C:\\Users\\user\\Desktop\\Web Development\\quran-reading-web\\node_modules\\@redis\\client\\dist\\lib\\client\\socket.js:177:124)\n    at Object.onceWrapper (node:events:627:28)\n    at Socket.emit (node:events:513:28)\n    at Socket._onTimeout (node:net:550:8)\n    at listOnTimeout (node:internal/timers:559:17)\n    at processTimers (node:internal/timers:502:7)"},"msg":"Redis Client Error"}
{"level":50,"time":1697135322763,"pid":12360,"hostname":"DESKTOP-S5323E0","name":"app","err":{"type":"ConnectionTimeoutError","message":"Connection timeout","stack":"Error: Connection timeout\n    at Socket.<anonymous> (C:\\Users\\user\\Desktop\\Web Development\\quran-reading-web\\node_modules\\@redis\\client\\dist\\lib\\client\\socket.js:177:124)\n    at Object.onceWrapper (node:events:627:28)\n    at Socket.emit (node:events:513:28)\n    at Socket._onTimeout (node:net:550:8)\n    at listOnTimeout (node:internal/timers:559:17)\n    at processTimers (node:internal/timers:502:7)"},"msg":"Redis Client Error"}
{"level":50,"time":1697135328224,"pid":12360,"hostname":"DESKTOP-S5323E0","name":"app","err":{"type":"ConnectionTimeoutError","message":"Connection timeout","stack":"Error: Connection timeout\n    at Socket.<anonymous> (C:\\Users\\user\\Desktop\\Web Development\\quran-reading-web\\node_modules\\@redis\\client\\dist\\lib\\client\\socket.js:177:124)\n    at Object.onceWrapper (node:events:627:28)\n    at Socket.emit (node:events:513:28)\n    at Socket._onTimeout (node:net:550:8)\n    at listOnTimeout (node:internal/timers:559:17)\n    at processTimers (node:internal/timers:502:7)"},"msg":"Redis Client Error"}
{"level":50,"time":1697135333852,"pid":12360,"hostname":"DESKTOP-S5323E0","name":"app","err":{"type":"ConnectionTimeoutError","message":"Connection timeout","stack":"Error: Connection timeout\n    at Socket.<anonymous> (C:\\Users\\user\\Desktop\\Web Development\\quran-reading-web\\node_modules\\@redis\\client\\dist\\lib\\client\\socket.js:177:124)\n    at Object.onceWrapper (node:events:627:28)\n    at Socket.emit (node:events:513:28)\n    at Socket._onTimeout (node:net:550:8)\n    at listOnTimeout (node:internal/timers:559:17)\n    at processTimers (node:internal/timers:502:7)"},"msg":"Redis Client Error"}
{"level":50,"time":1697135339401,"pid":12360,"hostname":"DESKTOP-S5323E0","name":"app","err":{"type":"ConnectionTimeoutError","message":"Connection timeout","stack":"Error: Connection timeout\n    at Socket.<anonymous> (C:\\Users\\user\\Desktop\\Web Development\\quran-reading-web\\node_modules\\@redis\\client\\dist\\lib\\client\\socket.js:177:124)\n    at Object.onceWrapper (node:events:627:28)\n    at Socket.emit (node:events:513:28)\n    at Socket._onTimeout (node:net:550:8)\n    at listOnTimeout (node:internal/timers:559:17)\n    at processTimers (node:internal/timers:502:7)"},"msg":"Redis Client Error"}
{"level":50,"time":1697135345050,"pid":12360,"hostname":"DESKTOP-S5323E0","name":"app","err":{"type":"ConnectionTimeoutError","message":"Connection timeout","stack":"Error: Connection timeout\n    at Socket.<anonymous> (C:\\Users\\user\\Desktop\\Web Development\\quran-reading-web\\node_modules\\@redis\\client\\dist\\lib\\client\\socket.js:177:124)\n    at Object.onceWrapper (node:events:627:28)\n    at Socket.emit (node:events:513:28)\n    at Socket._onTimeout (node:net:550:8)\n    at listOnTimeout (node:internal/timers:559:17)\n    at processTimers (node:internal/timers:502:7)"},"msg":"Redis Client Error"}
{"level":50,"time":1697135350644,"pid":12360,"hostname":"DESKTOP-S5323E0","name":"app","err":{"type":"ConnectionTimeoutError","message":"Connection timeout","stack":"Error: Connection timeout\n    at Socket.<anonymous> (C:\\Users\\user\\Desktop\\Web Development\\quran-reading-web\\node_modules\\@redis\\client\\dist\\lib\\client\\socket.js:177:124)\n    at Object.onceWrapper (node:events:627:28)\n    at Socket.emit (node:events:513:28)\n    at Socket._onTimeout (node:net:550:8)\n    at listOnTimeout (node:internal/timers:559:17)\n    at processTimers (node:internal/timers:502:7)"},"msg":"Redis Client Error"}
{"level":50,"time":1697135356568,"pid":12360,"hostname":"DESKTOP-S5323E0","name":"app","err":{"type":"ConnectionTimeoutError","message":"Connection timeout","stack":"Error: Connection timeout\n    at Socket.<anonymous> (C:\\Users\\user\\Desktop\\Web Development\\quran-reading-web\\node_modules\\@redis\\client\\dist\\lib\\client\\socket.js:177:124)\n    at Object.onceWrapper (node:events:627:28)\n    at Socket.emit (node:events:513:28)\n    at Socket._onTimeout (node:net:550:8)\n    at listOnTimeout (node:internal/timers:559:17)\n    at processTimers (node:internal/timers:502:7)"},"msg":"Redis Client Error"}
{"level":50,"time":1697135362233,"pid":12360,"hostname":"DESKTOP-S5323E0","name":"app","err":{"type":"ConnectionTimeoutError","message":"Connection timeout","stack":"Error: Connection timeout\n    at Socket.<anonymous> (C:\\Users\\user\\Desktop\\Web Development\\quran-reading-web\\node_modules\\@redis\\client\\dist\\lib\\client\\socket.js:177:124)\n    at Object.onceWrapper (node:events:627:28)\n    at Socket.emit (node:events:513:28)\n    at Socket._onTimeout (node:net:550:8)\n    at listOnTimeout (node:internal/timers:559:17)\n    at processTimers (node:internal/timers:502:7)"},"msg":"Redis Client Error"}
{"level":50,"time":1697135367884,"pid":12360,"hostname":"DESKTOP-S5323E0","name":"app","err":{"type":"ConnectionTimeoutError","message":"Connection timeout","stack":"Error: Connection timeout\n    at Socket.<anonymous> (C:\\Users\\user\\Desktop\\Web Development\\quran-reading-web\\node_modules\\@redis\\client\\dist\\lib\\client\\socket.js:177:124)\n    at Object.onceWrapper (node:events:627:28)\n    at Socket.emit (node:events:513:28)\n    at Socket._onTimeout (node:net:550:8)\n    at listOnTimeout (node:internal/timers:559:17)\n    at processTimers (node:internal/timers:502:7)"},"msg":"Redis Client Error"}
{"level":50,"time":1697135373566,"pid":12360,"hostname":"DESKTOP-S5323E0","name":"app","err":{"type":"ConnectionTimeoutError","message":"Connection timeout","stack":"Error: Connection timeout\n    at Socket.<anonymous> (C:\\Users\\user\\Desktop\\Web Development\\quran-reading-web\\node_modules\\@redis\\client\\dist\\lib\\client\\socket.js:177:124)\n    at Object.onceWrapper (node:events:627:28)\n    at Socket.emit (node:events:513:28)\n    at Socket._onTimeout (node:net:550:8)\n    at listOnTimeout (node:internal/timers:559:17)\n    at processTimers (node:internal/timers:502:7)"},"msg":"Redis Client Error"}
{"level":50,"time":1697135379250,"pid":12360,"hostname":"DESKTOP-S5323E0","name":"app","err":{"type":"ConnectionTimeoutError","message":"Connection timeout","stack":"Error: Connection timeout\n    at Socket.<anonymous> (C:\\Users\\user\\Desktop\\Web Development\\quran-reading-web\\node_modules\\@redis\\client\\dist\\lib\\client\\socket.js:177:124)\n    at Object.onceWrapper (node:events:627:28)\n    at Socket.emit (node:events:513:28)\n    at Socket._onTimeout (node:net:550:8)\n    at listOnTimeout (node:internal/timers:559:17)\n    at processTimers (node:internal/timers:502:7)"},"msg":"Redis Client Error"}
{"level":30,"time":1697135545831,"pid":10044,"hostname":"DESKTOP-S5323E0","name":"app","headers":{"host":"localhost:3000","connection":"keep-alive","cache-control":"max-age=0","sec-ch-ua":"\"Google Chrome\";v=\"117\", \"Not;A=Brand\";v=\"8\", \"Chromium\";v=\"117\"","sec-ch-ua-mobile":"?0","sec-ch-ua-platform":"\"Windows\"","dnt":"1","upgrade-insecure-requests":"1","user-agent":"Mozilla/5.0 (Windows NT 10.0; Win64; x64) AppleWebKit/537.36 (KHTML, like Gecko) Chrome/117.0.0.0 Safari/537.36","accept":"text/html,application/xhtml+xml,application/xml;q=0.9,image/avif,image/webp,image/apng,*/*;q=0.8,application/signed-exchange;v=b3;q=0.7","sec-fetch-site":"none","sec-fetch-mode":"navigate","sec-fetch-user":"?1","sec-fetch-dest":"document","accept-encoding":"gzip, deflate, br","accept-language":"en-US,en;q=0.9","cookie":"_ga=GA1.1.817673429.1674009611","x-middleware-invoke":"","x-invoke-path":"/api/chapters","x-invoke-query":"%7B%7D","x-invoke-output":"/api/chapters"},"method":"GET","url":"/api/chapters","body":"","query":{},"msg":"[Chapters] Incoming API Request"}
{"level":50,"time":1697135550881,"pid":10044,"hostname":"DESKTOP-S5323E0","name":"app","err":{"type":"ConnectionTimeoutError","message":"Connection timeout","stack":"Error: Connection timeout\n    at Socket.<anonymous> (C:\\Users\\user\\Desktop\\Web Development\\quran-reading-web\\node_modules\\@redis\\client\\dist\\lib\\client\\socket.js:177:124)\n    at Object.onceWrapper (node:events:627:28)\n    at Socket.emit (node:events:513:28)\n    at Socket._onTimeout (node:net:550:8)\n    at listOnTimeout (node:internal/timers:559:17)\n    at processTimers (node:internal/timers:502:7)"},"msg":"Redis Connection Error"}
{"level":30,"time":1697135765485,"pid":16576,"hostname":"DESKTOP-S5323E0","name":"app","headers":{"host":"localhost:3000","connection":"keep-alive","cache-control":"max-age=0","sec-ch-ua":"\"Google Chrome\";v=\"117\", \"Not;A=Brand\";v=\"8\", \"Chromium\";v=\"117\"","sec-ch-ua-mobile":"?0","sec-ch-ua-platform":"\"Windows\"","dnt":"1","upgrade-insecure-requests":"1","user-agent":"Mozilla/5.0 (Windows NT 10.0; Win64; x64) AppleWebKit/537.36 (KHTML, like Gecko) Chrome/117.0.0.0 Safari/537.36","accept":"text/html,application/xhtml+xml,application/xml;q=0.9,image/avif,image/webp,image/apng,*/*;q=0.8,application/signed-exchange;v=b3;q=0.7","sec-fetch-site":"none","sec-fetch-mode":"navigate","sec-fetch-user":"?1","sec-fetch-dest":"document","accept-encoding":"gzip, deflate, br","accept-language":"en-US,en;q=0.9","cookie":"_ga=GA1.1.817673429.1674009611","x-middleware-invoke":"","x-invoke-path":"/api/chapters","x-invoke-query":"%7B%7D","x-invoke-output":"/api/chapters"},"method":"GET","url":"/api/chapters","body":"","query":{},"msg":"[Chapters] Incoming API Request"}
{"level":50,"time":1697135770779,"pid":16576,"hostname":"DESKTOP-S5323E0","name":"app","err":{"type":"ConnectionTimeoutError","message":"Connection timeout","stack":"Error: Connection timeout\n    at Socket.<anonymous> (C:\\Users\\user\\Desktop\\Web Development\\quran-reading-web\\node_modules\\@redis\\client\\dist\\lib\\client\\socket.js:177:124)\n    at Object.onceWrapper (node:events:627:28)\n    at Socket.emit (node:events:513:28)\n    at Socket._onTimeout (node:net:550:8)\n    at listOnTimeout (node:internal/timers:559:17)\n    at processTimers (node:internal/timers:502:7)"},"msg":"Redis Client Error"}
{"level":50,"time":1697135776174,"pid":16576,"hostname":"DESKTOP-S5323E0","name":"app","err":{"type":"ConnectionTimeoutError","message":"Connection timeout","stack":"Error: Connection timeout\n    at Socket.<anonymous> (C:\\Users\\user\\Desktop\\Web Development\\quran-reading-web\\node_modules\\@redis\\client\\dist\\lib\\client\\socket.js:177:124)\n    at Object.onceWrapper (node:events:627:28)\n    at Socket.emit (node:events:513:28)\n    at Socket._onTimeout (node:net:550:8)\n    at listOnTimeout (node:internal/timers:559:17)\n    at processTimers (node:internal/timers:502:7)"},"msg":"Redis Client Error"}
{"level":50,"time":1697135781374,"pid":16576,"hostname":"DESKTOP-S5323E0","name":"app","err":{"type":"ConnectionTimeoutError","message":"Connection timeout","stack":"Error: Connection timeout\n    at Socket.<anonymous> (C:\\Users\\user\\Desktop\\Web Development\\quran-reading-web\\node_modules\\@redis\\client\\dist\\lib\\client\\socket.js:177:124)\n    at Object.onceWrapper (node:events:627:28)\n    at Socket.emit (node:events:513:28)\n    at Socket._onTimeout (node:net:550:8)\n    at listOnTimeout (node:internal/timers:559:17)\n    at processTimers (node:internal/timers:502:7)"},"msg":"Redis Client Error"}
{"level":50,"time":1697135786616,"pid":16576,"hostname":"DESKTOP-S5323E0","name":"app","err":{"type":"ConnectionTimeoutError","message":"Connection timeout","stack":"Error: Connection timeout\n    at Socket.<anonymous> (C:\\Users\\user\\Desktop\\Web Development\\quran-reading-web\\node_modules\\@redis\\client\\dist\\lib\\client\\socket.js:177:124)\n    at Object.onceWrapper (node:events:627:28)\n    at Socket.emit (node:events:513:28)\n    at Socket._onTimeout (node:net:550:8)\n    at listOnTimeout (node:internal/timers:559:17)\n    at processTimers (node:internal/timers:502:7)"},"msg":"Redis Client Error"}
{"level":50,"time":1697135792042,"pid":16576,"hostname":"DESKTOP-S5323E0","name":"app","err":{"type":"ConnectionTimeoutError","message":"Connection timeout","stack":"Error: Connection timeout\n    at Socket.<anonymous> (C:\\Users\\user\\Desktop\\Web Development\\quran-reading-web\\node_modules\\@redis\\client\\dist\\lib\\client\\socket.js:177:124)\n    at Object.onceWrapper (node:events:627:28)\n    at Socket.emit (node:events:513:28)\n    at Socket._onTimeout (node:net:550:8)\n    at listOnTimeout (node:internal/timers:559:17)\n    at processTimers (node:internal/timers:502:7)"},"msg":"Redis Client Error"}
{"level":50,"time":1697135797519,"pid":16576,"hostname":"DESKTOP-S5323E0","name":"app","err":{"type":"ConnectionTimeoutError","message":"Connection timeout","stack":"Error: Connection timeout\n    at Socket.<anonymous> (C:\\Users\\user\\Desktop\\Web Development\\quran-reading-web\\node_modules\\@redis\\client\\dist\\lib\\client\\socket.js:177:124)\n    at Object.onceWrapper (node:events:627:28)\n    at Socket.emit (node:events:513:28)\n    at Socket._onTimeout (node:net:550:8)\n    at listOnTimeout (node:internal/timers:559:17)\n    at processTimers (node:internal/timers:502:7)"},"msg":"Redis Client Error"}
{"level":50,"time":1697135802925,"pid":16576,"hostname":"DESKTOP-S5323E0","name":"app","err":{"type":"ConnectionTimeoutError","message":"Connection timeout","stack":"Error: Connection timeout\n    at Socket.<anonymous> (C:\\Users\\user\\Desktop\\Web Development\\quran-reading-web\\node_modules\\@redis\\client\\dist\\lib\\client\\socket.js:177:124)\n    at Object.onceWrapper (node:events:627:28)\n    at Socket.emit (node:events:513:28)\n    at Socket._onTimeout (node:net:550:8)\n    at listOnTimeout (node:internal/timers:559:17)\n    at processTimers (node:internal/timers:502:7)"},"msg":"Redis Client Error"}
{"level":50,"time":1697135808394,"pid":16576,"hostname":"DESKTOP-S5323E0","name":"app","err":{"type":"ConnectionTimeoutError","message":"Connection timeout","stack":"Error: Connection timeout\n    at Socket.<anonymous> (C:\\Users\\user\\Desktop\\Web Development\\quran-reading-web\\node_modules\\@redis\\client\\dist\\lib\\client\\socket.js:177:124)\n    at Object.onceWrapper (node:events:627:28)\n    at Socket.emit (node:events:513:28)\n    at Socket._onTimeout (node:net:550:8)\n    at listOnTimeout (node:internal/timers:559:17)\n    at processTimers (node:internal/timers:502:7)"},"msg":"Redis Client Error"}
{"level":50,"time":1697135813890,"pid":16576,"hostname":"DESKTOP-S5323E0","name":"app","err":{"type":"ConnectionTimeoutError","message":"Connection timeout","stack":"Error: Connection timeout\n    at Socket.<anonymous> (C:\\Users\\user\\Desktop\\Web Development\\quran-reading-web\\node_modules\\@redis\\client\\dist\\lib\\client\\socket.js:177:124)\n    at Object.onceWrapper (node:events:627:28)\n    at Socket.emit (node:events:513:28)\n    at Socket._onTimeout (node:net:550:8)\n    at listOnTimeout (node:internal/timers:559:17)\n    at processTimers (node:internal/timers:502:7)"},"msg":"Redis Client Error"}
{"level":50,"time":1697135819418,"pid":16576,"hostname":"DESKTOP-S5323E0","name":"app","err":{"type":"ConnectionTimeoutError","message":"Connection timeout","stack":"Error: Connection timeout\n    at Socket.<anonymous> (C:\\Users\\user\\Desktop\\Web Development\\quran-reading-web\\node_modules\\@redis\\client\\dist\\lib\\client\\socket.js:177:124)\n    at Object.onceWrapper (node:events:627:28)\n    at Socket.emit (node:events:513:28)\n    at Socket._onTimeout (node:net:550:8)\n    at listOnTimeout (node:internal/timers:559:17)\n    at processTimers (node:internal/timers:502:7)"},"msg":"Redis Client Error"}
{"level":50,"time":1697135825004,"pid":16576,"hostname":"DESKTOP-S5323E0","name":"app","err":{"type":"ConnectionTimeoutError","message":"Connection timeout","stack":"Error: Connection timeout\n    at Socket.<anonymous> (C:\\Users\\user\\Desktop\\Web Development\\quran-reading-web\\node_modules\\@redis\\client\\dist\\lib\\client\\socket.js:177:124)\n    at Object.onceWrapper (node:events:627:28)\n    at Socket.emit (node:events:513:28)\n    at Socket._onTimeout (node:net:550:8)\n    at listOnTimeout (node:internal/timers:559:17)\n    at processTimers (node:internal/timers:502:7)"},"msg":"Redis Client Error"}
{"level":50,"time":1697135830756,"pid":16576,"hostname":"DESKTOP-S5323E0","name":"app","err":{"type":"ConnectionTimeoutError","message":"Connection timeout","stack":"Error: Connection timeout\n    at Socket.<anonymous> (C:\\Users\\user\\Desktop\\Web Development\\quran-reading-web\\node_modules\\@redis\\client\\dist\\lib\\client\\socket.js:177:124)\n    at Object.onceWrapper (node:events:627:28)\n    at Socket.emit (node:events:513:28)\n    at Socket._onTimeout (node:net:550:8)\n    at listOnTimeout (node:internal/timers:559:17)\n    at processTimers (node:internal/timers:502:7)"},"msg":"Redis Client Error"}
{"level":50,"time":1697135836411,"pid":16576,"hostname":"DESKTOP-S5323E0","name":"app","err":{"type":"ConnectionTimeoutError","message":"Connection timeout","stack":"Error: Connection timeout\n    at Socket.<anonymous> (C:\\Users\\user\\Desktop\\Web Development\\quran-reading-web\\node_modules\\@redis\\client\\dist\\lib\\client\\socket.js:177:124)\n    at Object.onceWrapper (node:events:627:28)\n    at Socket.emit (node:events:513:28)\n    at Socket._onTimeout (node:net:550:8)\n    at listOnTimeout (node:internal/timers:559:17)\n    at processTimers (node:internal/timers:502:7)"},"msg":"Redis Client Error"}
{"level":50,"time":1697135842671,"pid":16576,"hostname":"DESKTOP-S5323E0","name":"app","err":{"type":"ConnectionTimeoutError","message":"Connection timeout","stack":"Error: Connection timeout\n    at Socket.<anonymous> (C:\\Users\\user\\Desktop\\Web Development\\quran-reading-web\\node_modules\\@redis\\client\\dist\\lib\\client\\socket.js:177:124)\n    at Object.onceWrapper (node:events:627:28)\n    at Socket.emit (node:events:513:28)\n    at Socket._onTimeout (node:net:550:8)\n    at listOnTimeout (node:internal/timers:559:17)\n    at processTimers (node:internal/timers:502:7)"},"msg":"Redis Client Error"}
{"level":50,"time":1697135848384,"pid":16576,"hostname":"DESKTOP-S5323E0","name":"app","err":{"type":"ConnectionTimeoutError","message":"Connection timeout","stack":"Error: Connection timeout\n    at Socket.<anonymous> (C:\\Users\\user\\Desktop\\Web Development\\quran-reading-web\\node_modules\\@redis\\client\\dist\\lib\\client\\socket.js:177:124)\n    at Object.onceWrapper (node:events:627:28)\n    at Socket.emit (node:events:513:28)\n    at Socket._onTimeout (node:net:550:8)\n    at listOnTimeout (node:internal/timers:559:17)\n    at processTimers (node:internal/timers:502:7)"},"msg":"Redis Client Error"}
{"level":50,"time":1697135856047,"pid":16576,"hostname":"DESKTOP-S5323E0","name":"app","err":{"type":"ConnectionTimeoutError","message":"Connection timeout","stack":"Error: Connection timeout\n    at Socket.<anonymous> (C:\\Users\\user\\Desktop\\Web Development\\quran-reading-web\\node_modules\\@redis\\client\\dist\\lib\\client\\socket.js:177:124)\n    at Object.onceWrapper (node:events:627:28)\n    at Socket.emit (node:events:513:28)\n    at Socket._onTimeout (node:net:550:8)\n    at listOnTimeout (node:internal/timers:559:17)\n    at processTimers (node:internal/timers:502:7)"},"msg":"Redis Client Error"}
{"level":50,"time":1697135861710,"pid":16576,"hostname":"DESKTOP-S5323E0","name":"app","err":{"type":"ConnectionTimeoutError","message":"Connection timeout","stack":"Error: Connection timeout\n    at Socket.<anonymous> (C:\\Users\\user\\Desktop\\Web Development\\quran-reading-web\\node_modules\\@redis\\client\\dist\\lib\\client\\socket.js:177:124)\n    at Object.onceWrapper (node:events:627:28)\n    at Socket.emit (node:events:513:28)\n    at Socket._onTimeout (node:net:550:8)\n    at listOnTimeout (node:internal/timers:559:17)\n    at processTimers (node:internal/timers:502:7)"},"msg":"Redis Client Error"}
{"level":50,"time":1697135867719,"pid":16576,"hostname":"DESKTOP-S5323E0","name":"app","err":{"type":"ConnectionTimeoutError","message":"Connection timeout","stack":"Error: Connection timeout\n    at Socket.<anonymous> (C:\\Users\\user\\Desktop\\Web Development\\quran-reading-web\\node_modules\\@redis\\client\\dist\\lib\\client\\socket.js:177:124)\n    at Object.onceWrapper (node:events:627:28)\n    at Socket.emit (node:events:513:28)\n    at Socket._onTimeout (node:net:550:8)\n    at listOnTimeout (node:internal/timers:559:17)\n    at processTimers (node:internal/timers:502:7)"},"msg":"Redis Client Error"}
{"level":50,"time":1697135873749,"pid":16576,"hostname":"DESKTOP-S5323E0","name":"app","err":{"type":"ConnectionTimeoutError","message":"Connection timeout","stack":"Error: Connection timeout\n    at Socket.<anonymous> (C:\\Users\\user\\Desktop\\Web Development\\quran-reading-web\\node_modules\\@redis\\client\\dist\\lib\\client\\socket.js:177:124)\n    at Object.onceWrapper (node:events:627:28)\n    at Socket.emit (node:events:513:28)\n    at Socket._onTimeout (node:net:550:8)\n    at listOnTimeout (node:internal/timers:559:17)\n    at processTimers (node:internal/timers:502:7)"},"msg":"Redis Client Error"}
{"level":50,"time":1697135879476,"pid":16576,"hostname":"DESKTOP-S5323E0","name":"app","err":{"type":"ConnectionTimeoutError","message":"Connection timeout","stack":"Error: Connection timeout\n    at Socket.<anonymous> (C:\\Users\\user\\Desktop\\Web Development\\quran-reading-web\\node_modules\\@redis\\client\\dist\\lib\\client\\socket.js:177:124)\n    at Object.onceWrapper (node:events:627:28)\n    at Socket.emit (node:events:513:28)\n    at Socket._onTimeout (node:net:550:8)\n    at listOnTimeout (node:internal/timers:559:17)\n    at processTimers (node:internal/timers:502:7)"},"msg":"Redis Client Error"}
{"level":50,"time":1697135885120,"pid":16576,"hostname":"DESKTOP-S5323E0","name":"app","err":{"type":"ConnectionTimeoutError","message":"Connection timeout","stack":"Error: Connection timeout\n    at Socket.<anonymous> (C:\\Users\\user\\Desktop\\Web Development\\quran-reading-web\\node_modules\\@redis\\client\\dist\\lib\\client\\socket.js:177:124)\n    at Object.onceWrapper (node:events:627:28)\n    at Socket.emit (node:events:513:28)\n    at Socket._onTimeout (node:net:550:8)\n    at listOnTimeout (node:internal/timers:559:17)\n    at processTimers (node:internal/timers:502:7)"},"msg":"Redis Client Error"}
{"level":50,"time":1697135891187,"pid":16576,"hostname":"DESKTOP-S5323E0","name":"app","err":{"type":"ConnectionTimeoutError","message":"Connection timeout","stack":"Error: Connection timeout\n    at Socket.<anonymous> (C:\\Users\\user\\Desktop\\Web Development\\quran-reading-web\\node_modules\\@redis\\client\\dist\\lib\\client\\socket.js:177:124)\n    at Object.onceWrapper (node:events:627:28)\n    at Socket.emit (node:events:513:28)\n    at Socket._onTimeout (node:net:550:8)\n    at listOnTimeout (node:internal/timers:559:17)\n    at processTimers (node:internal/timers:502:7)"},"msg":"Redis Client Error"}
{"level":50,"time":1697135896912,"pid":16576,"hostname":"DESKTOP-S5323E0","name":"app","err":{"type":"ConnectionTimeoutError","message":"Connection timeout","stack":"Error: Connection timeout\n    at Socket.<anonymous> (C:\\Users\\user\\Desktop\\Web Development\\quran-reading-web\\node_modules\\@redis\\client\\dist\\lib\\client\\socket.js:177:124)\n    at Object.onceWrapper (node:events:627:28)\n    at Socket.emit (node:events:513:28)\n    at Socket._onTimeout (node:net:550:8)\n    at listOnTimeout (node:internal/timers:559:17)\n    at processTimers (node:internal/timers:502:7)"},"msg":"Redis Client Error"}
{"level":50,"time":1697135902798,"pid":16576,"hostname":"DESKTOP-S5323E0","name":"app","err":{"type":"ConnectionTimeoutError","message":"Connection timeout","stack":"Error: Connection timeout\n    at Socket.<anonymous> (C:\\Users\\user\\Desktop\\Web Development\\quran-reading-web\\node_modules\\@redis\\client\\dist\\lib\\client\\socket.js:177:124)\n    at Object.onceWrapper (node:events:627:28)\n    at Socket.emit (node:events:513:28)\n    at Socket._onTimeout (node:net:550:8)\n    at listOnTimeout (node:internal/timers:559:17)\n    at processTimers (node:internal/timers:502:7)"},"msg":"Redis Client Error"}
{"level":50,"time":1697135908438,"pid":16576,"hostname":"DESKTOP-S5323E0","name":"app","err":{"type":"ConnectionTimeoutError","message":"Connection timeout","stack":"Error: Connection timeout\n    at Socket.<anonymous> (C:\\Users\\user\\Desktop\\Web Development\\quran-reading-web\\node_modules\\@redis\\client\\dist\\lib\\client\\socket.js:177:124)\n    at Object.onceWrapper (node:events:627:28)\n    at Socket.emit (node:events:513:28)\n    at Socket._onTimeout (node:net:550:8)\n    at listOnTimeout (node:internal/timers:559:17)\n    at processTimers (node:internal/timers:502:7)"},"msg":"Redis Client Error"}
{"level":50,"time":1697135914319,"pid":16576,"hostname":"DESKTOP-S5323E0","name":"app","err":{"type":"ConnectionTimeoutError","message":"Connection timeout","stack":"Error: Connection timeout\n    at Socket.<anonymous> (C:\\Users\\user\\Desktop\\Web Development\\quran-reading-web\\node_modules\\@redis\\client\\dist\\lib\\client\\socket.js:177:124)\n    at Object.onceWrapper (node:events:627:28)\n    at Socket.emit (node:events:513:28)\n    at Socket._onTimeout (node:net:550:8)\n    at listOnTimeout (node:internal/timers:559:17)\n    at processTimers (node:internal/timers:502:7)"},"msg":"Redis Client Error"}
{"level":50,"time":1697135920017,"pid":16576,"hostname":"DESKTOP-S5323E0","name":"app","err":{"type":"ConnectionTimeoutError","message":"Connection timeout","stack":"Error: Connection timeout\n    at Socket.<anonymous> (C:\\Users\\user\\Desktop\\Web Development\\quran-reading-web\\node_modules\\@redis\\client\\dist\\lib\\client\\socket.js:177:124)\n    at Object.onceWrapper (node:events:627:28)\n    at Socket.emit (node:events:513:28)\n    at Socket._onTimeout (node:net:550:8)\n    at listOnTimeout (node:internal/timers:559:17)\n    at processTimers (node:internal/timers:502:7)"},"msg":"Redis Client Error"}
{"level":50,"time":1697135925664,"pid":16576,"hostname":"DESKTOP-S5323E0","name":"app","err":{"type":"ConnectionTimeoutError","message":"Connection timeout","stack":"Error: Connection timeout\n    at Socket.<anonymous> (C:\\Users\\user\\Desktop\\Web Development\\quran-reading-web\\node_modules\\@redis\\client\\dist\\lib\\client\\socket.js:177:124)\n    at Object.onceWrapper (node:events:627:28)\n    at Socket.emit (node:events:513:28)\n    at Socket._onTimeout (node:net:550:8)\n    at listOnTimeout (node:internal/timers:559:17)\n    at processTimers (node:internal/timers:502:7)"},"msg":"Redis Client Error"}
{"level":50,"time":1697135931373,"pid":16576,"hostname":"DESKTOP-S5323E0","name":"app","err":{"type":"ConnectionTimeoutError","message":"Connection timeout","stack":"Error: Connection timeout\n    at Socket.<anonymous> (C:\\Users\\user\\Desktop\\Web Development\\quran-reading-web\\node_modules\\@redis\\client\\dist\\lib\\client\\socket.js:177:124)\n    at Object.onceWrapper (node:events:627:28)\n    at Socket.emit (node:events:513:28)\n    at Socket._onTimeout (node:net:550:8)\n    at listOnTimeout (node:internal/timers:559:17)\n    at processTimers (node:internal/timers:502:7)"},"msg":"Redis Client Error"}
{"level":50,"time":1697135937681,"pid":16576,"hostname":"DESKTOP-S5323E0","name":"app","err":{"type":"ConnectionTimeoutError","message":"Connection timeout","stack":"Error: Connection timeout\n    at Socket.<anonymous> (C:\\Users\\user\\Desktop\\Web Development\\quran-reading-web\\node_modules\\@redis\\client\\dist\\lib\\client\\socket.js:177:124)\n    at Object.onceWrapper (node:events:627:28)\n    at Socket.emit (node:events:513:28)\n    at Socket._onTimeout (node:net:550:8)\n    at listOnTimeout (node:internal/timers:559:17)\n    at processTimers (node:internal/timers:502:7)"},"msg":"Redis Client Error"}
{"level":50,"time":1697135943888,"pid":16576,"hostname":"DESKTOP-S5323E0","name":"app","err":{"type":"ConnectionTimeoutError","message":"Connection timeout","stack":"Error: Connection timeout\n    at Socket.<anonymous> (C:\\Users\\user\\Desktop\\Web Development\\quran-reading-web\\node_modules\\@redis\\client\\dist\\lib\\client\\socket.js:177:124)\n    at Object.onceWrapper (node:events:627:28)\n    at Socket.emit (node:events:513:28)\n    at Socket._onTimeout (node:net:550:8)\n    at listOnTimeout (node:internal/timers:559:17)\n    at processTimers (node:internal/timers:502:7)"},"msg":"Redis Client Error"}
{"level":50,"time":1697135949525,"pid":16576,"hostname":"DESKTOP-S5323E0","name":"app","err":{"type":"ConnectionTimeoutError","message":"Connection timeout","stack":"Error: Connection timeout\n    at Socket.<anonymous> (C:\\Users\\user\\Desktop\\Web Development\\quran-reading-web\\node_modules\\@redis\\client\\dist\\lib\\client\\socket.js:177:124)\n    at Object.onceWrapper (node:events:627:28)\n    at Socket.emit (node:events:513:28)\n    at Socket._onTimeout (node:net:550:8)\n    at listOnTimeout (node:internal/timers:559:17)\n    at processTimers (node:internal/timers:502:7)"},"msg":"Redis Client Error"}
{"level":50,"time":1697135955554,"pid":16576,"hostname":"DESKTOP-S5323E0","name":"app","err":{"type":"ConnectionTimeoutError","message":"Connection timeout","stack":"Error: Connection timeout\n    at Socket.<anonymous> (C:\\Users\\user\\Desktop\\Web Development\\quran-reading-web\\node_modules\\@redis\\client\\dist\\lib\\client\\socket.js:177:124)\n    at Object.onceWrapper (node:events:627:28)\n    at Socket.emit (node:events:513:28)\n    at Socket._onTimeout (node:net:550:8)\n    at listOnTimeout (node:internal/timers:559:17)\n    at processTimers (node:internal/timers:502:7)"},"msg":"Redis Client Error"}
{"level":50,"time":1697135961535,"pid":16576,"hostname":"DESKTOP-S5323E0","name":"app","err":{"type":"ConnectionTimeoutError","message":"Connection timeout","stack":"Error: Connection timeout\n    at Socket.<anonymous> (C:\\Users\\user\\Desktop\\Web Development\\quran-reading-web\\node_modules\\@redis\\client\\dist\\lib\\client\\socket.js:177:124)\n    at Object.onceWrapper (node:events:627:28)\n    at Socket.emit (node:events:513:28)\n    at Socket._onTimeout (node:net:550:8)\n    at listOnTimeout (node:internal/timers:559:17)\n    at processTimers (node:internal/timers:502:7)"},"msg":"Redis Client Error"}
{"level":50,"time":1697135967454,"pid":16576,"hostname":"DESKTOP-S5323E0","name":"app","err":{"type":"ConnectionTimeoutError","message":"Connection timeout","stack":"Error: Connection timeout\n    at Socket.<anonymous> (C:\\Users\\user\\Desktop\\Web Development\\quran-reading-web\\node_modules\\@redis\\client\\dist\\lib\\client\\socket.js:177:124)\n    at Object.onceWrapper (node:events:627:28)\n    at Socket.emit (node:events:513:28)\n    at Socket._onTimeout (node:net:550:8)\n    at listOnTimeout (node:internal/timers:559:17)\n    at processTimers (node:internal/timers:502:7)"},"msg":"Redis Client Error"}
{"level":50,"time":1697135973116,"pid":16576,"hostname":"DESKTOP-S5323E0","name":"app","err":{"type":"ConnectionTimeoutError","message":"Connection timeout","stack":"Error: Connection timeout\n    at Socket.<anonymous> (C:\\Users\\user\\Desktop\\Web Development\\quran-reading-web\\node_modules\\@redis\\client\\dist\\lib\\client\\socket.js:177:124)\n    at Object.onceWrapper (node:events:627:28)\n    at Socket.emit (node:events:513:28)\n    at Socket._onTimeout (node:net:550:8)\n    at listOnTimeout (node:internal/timers:559:17)\n    at processTimers (node:internal/timers:502:7)"},"msg":"Redis Client Error"}
{"level":50,"time":1697135979737,"pid":16576,"hostname":"DESKTOP-S5323E0","name":"app","err":{"type":"ConnectionTimeoutError","message":"Connection timeout","stack":"Error: Connection timeout\n    at Socket.<anonymous> (C:\\Users\\user\\Desktop\\Web Development\\quran-reading-web\\node_modules\\@redis\\client\\dist\\lib\\client\\socket.js:177:124)\n    at Object.onceWrapper (node:events:627:28)\n    at Socket.emit (node:events:513:28)\n    at Socket._onTimeout (node:net:550:8)\n    at listOnTimeout (node:internal/timers:559:17)\n    at processTimers (node:internal/timers:502:7)"},"msg":"Redis Client Error"}
{"level":30,"time":1697136098588,"pid":7892,"hostname":"DESKTOP-S5323E0","name":"app","headers":{"host":"localhost:3000","connection":"keep-alive","cache-control":"max-age=0","sec-ch-ua":"\"Google Chrome\";v=\"117\", \"Not;A=Brand\";v=\"8\", \"Chromium\";v=\"117\"","sec-ch-ua-mobile":"?0","sec-ch-ua-platform":"\"Windows\"","dnt":"1","upgrade-insecure-requests":"1","user-agent":"Mozilla/5.0 (Windows NT 10.0; Win64; x64) AppleWebKit/537.36 (KHTML, like Gecko) Chrome/117.0.0.0 Safari/537.36","accept":"text/html,application/xhtml+xml,application/xml;q=0.9,image/avif,image/webp,image/apng,*/*;q=0.8,application/signed-exchange;v=b3;q=0.7","sec-fetch-site":"none","sec-fetch-mode":"navigate","sec-fetch-user":"?1","sec-fetch-dest":"document","accept-encoding":"gzip, deflate, br","accept-language":"en-US,en;q=0.9","cookie":"_ga=GA1.1.817673429.1674009611","x-middleware-invoke":"","x-invoke-path":"/api/chapters","x-invoke-query":"%7B%7D","x-invoke-output":"/api/chapters"},"method":"GET","url":"/api/chapters","body":"","query":{},"msg":"[Chapters] Incoming API Request"}
{"level":50,"time":1697136103718,"pid":7892,"hostname":"DESKTOP-S5323E0","name":"app","err":{"type":"ConnectionTimeoutError","message":"Connection timeout","stack":"Error: Connection timeout\n    at Socket.<anonymous> (C:\\Users\\user\\Desktop\\Web Development\\quran-reading-web\\node_modules\\@redis\\client\\dist\\lib\\client\\socket.js:177:124)\n    at Object.onceWrapper (node:events:627:28)\n    at Socket.emit (node:events:513:28)\n    at Socket._onTimeout (node:net:550:8)\n    at listOnTimeout (node:internal/timers:559:17)\n    at processTimers (node:internal/timers:502:7)"},"msg":"Redis Client Error"}
{"level":50,"time":1697136108855,"pid":7892,"hostname":"DESKTOP-S5323E0","name":"app","err":{"type":"ConnectionTimeoutError","message":"Connection timeout","stack":"Error: Connection timeout\n    at Socket.<anonymous> (C:\\Users\\user\\Desktop\\Web Development\\quran-reading-web\\node_modules\\@redis\\client\\dist\\lib\\client\\socket.js:177:124)\n    at Object.onceWrapper (node:events:627:28)\n    at Socket.emit (node:events:513:28)\n    at Socket._onTimeout (node:net:550:8)\n    at listOnTimeout (node:internal/timers:559:17)\n    at processTimers (node:internal/timers:502:7)"},"msg":"Redis Client Error"}
{"level":50,"time":1697136114098,"pid":7892,"hostname":"DESKTOP-S5323E0","name":"app","err":{"type":"ConnectionTimeoutError","message":"Connection timeout","stack":"Error: Connection timeout\n    at Socket.<anonymous> (C:\\Users\\user\\Desktop\\Web Development\\quran-reading-web\\node_modules\\@redis\\client\\dist\\lib\\client\\socket.js:177:124)\n    at Object.onceWrapper (node:events:627:28)\n    at Socket.emit (node:events:513:28)\n    at Socket._onTimeout (node:net:550:8)\n    at listOnTimeout (node:internal/timers:559:17)\n    at processTimers (node:internal/timers:502:7)"},"msg":"Redis Client Error"}
{"level":50,"time":1697136119364,"pid":7892,"hostname":"DESKTOP-S5323E0","name":"app","err":{"type":"ConnectionTimeoutError","message":"Connection timeout","stack":"Error: Connection timeout\n    at Socket.<anonymous> (C:\\Users\\user\\Desktop\\Web Development\\quran-reading-web\\node_modules\\@redis\\client\\dist\\lib\\client\\socket.js:177:124)\n    at Object.onceWrapper (node:events:627:28)\n    at Socket.emit (node:events:513:28)\n    at Socket._onTimeout (node:net:550:8)\n    at listOnTimeout (node:internal/timers:559:17)\n    at processTimers (node:internal/timers:502:7)"},"msg":"Redis Client Error"}
{"level":50,"time":1697136126171,"pid":7892,"hostname":"DESKTOP-S5323E0","name":"app","err":{"type":"ConnectionTimeoutError","message":"Connection timeout","stack":"Error: Connection timeout\n    at Socket.<anonymous> (C:\\Users\\user\\Desktop\\Web Development\\quran-reading-web\\node_modules\\@redis\\client\\dist\\lib\\client\\socket.js:177:124)\n    at Object.onceWrapper (node:events:627:28)\n    at Socket.emit (node:events:513:28)\n    at Socket._onTimeout (node:net:550:8)\n    at listOnTimeout (node:internal/timers:559:17)\n    at processTimers (node:internal/timers:502:7)"},"msg":"Redis Client Error"}
{"level":50,"time":1697136132123,"pid":7892,"hostname":"DESKTOP-S5323E0","name":"app","err":{"type":"ConnectionTimeoutError","message":"Connection timeout","stack":"Error: Connection timeout\n    at Socket.<anonymous> (C:\\Users\\user\\Desktop\\Web Development\\quran-reading-web\\node_modules\\@redis\\client\\dist\\lib\\client\\socket.js:177:124)\n    at Object.onceWrapper (node:events:627:28)\n    at Socket.emit (node:events:513:28)\n    at Socket._onTimeout (node:net:550:8)\n    at listOnTimeout (node:internal/timers:559:17)\n    at processTimers (node:internal/timers:502:7)"},"msg":"Redis Client Error"}
{"level":50,"time":1697136138303,"pid":7892,"hostname":"DESKTOP-S5323E0","name":"app","err":{"type":"ConnectionTimeoutError","message":"Connection timeout","stack":"Error: Connection timeout\n    at Socket.<anonymous> (C:\\Users\\user\\Desktop\\Web Development\\quran-reading-web\\node_modules\\@redis\\client\\dist\\lib\\client\\socket.js:177:124)\n    at Object.onceWrapper (node:events:627:28)\n    at Socket.emit (node:events:513:28)\n    at Socket._onTimeout (node:net:550:8)\n    at listOnTimeout (node:internal/timers:559:17)\n    at processTimers (node:internal/timers:502:7)"},"msg":"Redis Client Error"}
{"level":50,"time":1697136143791,"pid":7892,"hostname":"DESKTOP-S5323E0","name":"app","err":{"type":"ConnectionTimeoutError","message":"Connection timeout","stack":"Error: Connection timeout\n    at Socket.<anonymous> (C:\\Users\\user\\Desktop\\Web Development\\quran-reading-web\\node_modules\\@redis\\client\\dist\\lib\\client\\socket.js:177:124)\n    at Object.onceWrapper (node:events:627:28)\n    at Socket.emit (node:events:513:28)\n    at Socket._onTimeout (node:net:550:8)\n    at listOnTimeout (node:internal/timers:559:17)\n    at processTimers (node:internal/timers:502:7)"},"msg":"Redis Client Error"}
{"level":50,"time":1697136149458,"pid":7892,"hostname":"DESKTOP-S5323E0","name":"app","err":{"type":"ConnectionTimeoutError","message":"Connection timeout","stack":"Error: Connection timeout\n    at Socket.<anonymous> (C:\\Users\\user\\Desktop\\Web Development\\quran-reading-web\\node_modules\\@redis\\client\\dist\\lib\\client\\socket.js:177:124)\n    at Object.onceWrapper (node:events:627:28)\n    at Socket.emit (node:events:513:28)\n    at Socket._onTimeout (node:net:550:8)\n    at listOnTimeout (node:internal/timers:559:17)\n    at processTimers (node:internal/timers:502:7)"},"msg":"Redis Client Error"}
{"level":50,"time":1697136155172,"pid":7892,"hostname":"DESKTOP-S5323E0","name":"app","err":{"type":"ConnectionTimeoutError","message":"Connection timeout","stack":"Error: Connection timeout\n    at Socket.<anonymous> (C:\\Users\\user\\Desktop\\Web Development\\quran-reading-web\\node_modules\\@redis\\client\\dist\\lib\\client\\socket.js:177:124)\n    at Object.onceWrapper (node:events:627:28)\n    at Socket.emit (node:events:513:28)\n    at Socket._onTimeout (node:net:550:8)\n    at listOnTimeout (node:internal/timers:559:17)\n    at processTimers (node:internal/timers:502:7)"},"msg":"Redis Client Error"}
{"level":50,"time":1697136160778,"pid":7892,"hostname":"DESKTOP-S5323E0","name":"app","err":{"type":"ConnectionTimeoutError","message":"Connection timeout","stack":"Error: Connection timeout\n    at Socket.<anonymous> (C:\\Users\\user\\Desktop\\Web Development\\quran-reading-web\\node_modules\\@redis\\client\\dist\\lib\\client\\socket.js:177:124)\n    at Object.onceWrapper (node:events:627:28)\n    at Socket.emit (node:events:513:28)\n    at Socket._onTimeout (node:net:550:8)\n    at listOnTimeout (node:internal/timers:559:17)\n    at processTimers (node:internal/timers:502:7)"},"msg":"Redis Client Error"}
{"level":50,"time":1697136166433,"pid":7892,"hostname":"DESKTOP-S5323E0","name":"app","err":{"type":"ConnectionTimeoutError","message":"Connection timeout","stack":"Error: Connection timeout\n    at Socket.<anonymous> (C:\\Users\\user\\Desktop\\Web Development\\quran-reading-web\\node_modules\\@redis\\client\\dist\\lib\\client\\socket.js:177:124)\n    at Object.onceWrapper (node:events:627:28)\n    at Socket.emit (node:events:513:28)\n    at Socket._onTimeout (node:net:550:8)\n    at listOnTimeout (node:internal/timers:559:17)\n    at processTimers (node:internal/timers:502:7)"},"msg":"Redis Client Error"}
{"level":50,"time":1697136172099,"pid":7892,"hostname":"DESKTOP-S5323E0","name":"app","err":{"type":"ConnectionTimeoutError","message":"Connection timeout","stack":"Error: Connection timeout\n    at Socket.<anonymous> (C:\\Users\\user\\Desktop\\Web Development\\quran-reading-web\\node_modules\\@redis\\client\\dist\\lib\\client\\socket.js:177:124)\n    at Object.onceWrapper (node:events:627:28)\n    at Socket.emit (node:events:513:28)\n    at Socket._onTimeout (node:net:550:8)\n    at listOnTimeout (node:internal/timers:559:17)\n    at processTimers (node:internal/timers:502:7)"},"msg":"Redis Client Error"}
{"level":50,"time":1697136177778,"pid":7892,"hostname":"DESKTOP-S5323E0","name":"app","err":{"type":"ConnectionTimeoutError","message":"Connection timeout","stack":"Error: Connection timeout\n    at Socket.<anonymous> (C:\\Users\\user\\Desktop\\Web Development\\quran-reading-web\\node_modules\\@redis\\client\\dist\\lib\\client\\socket.js:177:124)\n    at Object.onceWrapper (node:events:627:28)\n    at Socket.emit (node:events:513:28)\n    at Socket._onTimeout (node:net:550:8)\n    at listOnTimeout (node:internal/timers:559:17)\n    at processTimers (node:internal/timers:502:7)"},"msg":"Redis Client Error"}
{"level":50,"time":1697136183566,"pid":7892,"hostname":"DESKTOP-S5323E0","name":"app","err":{"type":"ConnectionTimeoutError","message":"Connection timeout","stack":"Error: Connection timeout\n    at Socket.<anonymous> (C:\\Users\\user\\Desktop\\Web Development\\quran-reading-web\\node_modules\\@redis\\client\\dist\\lib\\client\\socket.js:177:124)\n    at Object.onceWrapper (node:events:627:28)\n    at Socket.emit (node:events:513:28)\n    at Socket._onTimeout (node:net:550:8)\n    at listOnTimeout (node:internal/timers:559:17)\n    at processTimers (node:internal/timers:502:7)"},"msg":"Redis Client Error"}
{"level":50,"time":1697136190163,"pid":7892,"hostname":"DESKTOP-S5323E0","name":"app","err":{"type":"ConnectionTimeoutError","message":"Connection timeout","stack":"Error: Connection timeout\n    at Socket.<anonymous> (C:\\Users\\user\\Desktop\\Web Development\\quran-reading-web\\node_modules\\@redis\\client\\dist\\lib\\client\\socket.js:177:124)\n    at Object.onceWrapper (node:events:627:28)\n    at Socket.emit (node:events:513:28)\n    at Socket._onTimeout (node:net:550:8)\n    at listOnTimeout (node:internal/timers:559:17)\n    at processTimers (node:internal/timers:502:7)"},"msg":"Redis Client Error"}
{"level":50,"time":1697136196077,"pid":7892,"hostname":"DESKTOP-S5323E0","name":"app","err":{"type":"ConnectionTimeoutError","message":"Connection timeout","stack":"Error: Connection timeout\n    at Socket.<anonymous> (C:\\Users\\user\\Desktop\\Web Development\\quran-reading-web\\node_modules\\@redis\\client\\dist\\lib\\client\\socket.js:177:124)\n    at Object.onceWrapper (node:events:627:28)\n    at Socket.emit (node:events:513:28)\n    at Socket._onTimeout (node:net:550:8)\n    at listOnTimeout (node:internal/timers:559:17)\n    at processTimers (node:internal/timers:502:7)"},"msg":"Redis Client Error"}
{"level":50,"time":1697136202022,"pid":7892,"hostname":"DESKTOP-S5323E0","name":"app","err":{"type":"ConnectionTimeoutError","message":"Connection timeout","stack":"Error: Connection timeout\n    at Socket.<anonymous> (C:\\Users\\user\\Desktop\\Web Development\\quran-reading-web\\node_modules\\@redis\\client\\dist\\lib\\client\\socket.js:177:124)\n    at Object.onceWrapper (node:events:627:28)\n    at Socket.emit (node:events:513:28)\n    at Socket._onTimeout (node:net:550:8)\n    at listOnTimeout (node:internal/timers:559:17)\n    at processTimers (node:internal/timers:502:7)"},"msg":"Redis Client Error"}
{"level":50,"time":1697136207688,"pid":7892,"hostname":"DESKTOP-S5323E0","name":"app","err":{"type":"ConnectionTimeoutError","message":"Connection timeout","stack":"Error: Connection timeout\n    at Socket.<anonymous> (C:\\Users\\user\\Desktop\\Web Development\\quran-reading-web\\node_modules\\@redis\\client\\dist\\lib\\client\\socket.js:177:124)\n    at Object.onceWrapper (node:events:627:28)\n    at Socket.emit (node:events:513:28)\n    at Socket._onTimeout (node:net:550:8)\n    at listOnTimeout (node:internal/timers:559:17)\n    at processTimers (node:internal/timers:502:7)"},"msg":"Redis Client Error"}
{"level":50,"time":1697136213350,"pid":7892,"hostname":"DESKTOP-S5323E0","name":"app","err":{"type":"ConnectionTimeoutError","message":"Connection timeout","stack":"Error: Connection timeout\n    at Socket.<anonymous> (C:\\Users\\user\\Desktop\\Web Development\\quran-reading-web\\node_modules\\@redis\\client\\dist\\lib\\client\\socket.js:177:124)\n    at Object.onceWrapper (node:events:627:28)\n    at Socket.emit (node:events:513:28)\n    at Socket._onTimeout (node:net:550:8)\n    at listOnTimeout (node:internal/timers:559:17)\n    at processTimers (node:internal/timers:502:7)"},"msg":"Redis Client Error"}
